2024-04-08T16:02:09.089+03:00  INFO 9856 --- [socializingapp] [main] c.e.s.SocializingappApplication          : Starting SocializingappApplication using Java 22 with PID 9856 (D:\Facultate info\Master IS\An 1\sem 2\Aplicatii web pentru baze de date\socializingapp\target\classes started by mihai in D:\Facultate info\Master IS\An 1\sem 2\Aplicatii web pentru baze de date\socializingapp)
2024-04-08T16:02:09.107+03:00  INFO 9856 --- [socializingapp] [main] c.e.s.SocializingappApplication          : The following 1 profile is active: "mysql"
2024-04-08T16:02:10.216+03:00  INFO 9856 --- [socializingapp] [main] .s.d.r.c.RepositoryConfigurationDelegate : Bootstrapping Spring Data JPA repositories in DEFAULT mode.
2024-04-08T16:02:10.295+03:00  INFO 9856 --- [socializingapp] [main] .s.d.r.c.RepositoryConfigurationDelegate : Finished Spring Data repository scanning in 71 ms. Found 6 JPA repository interfaces.
2024-04-08T16:02:11.108+03:00  INFO 9856 --- [socializingapp] [main] o.s.b.w.embedded.tomcat.TomcatWebServer  : Tomcat initialized with port 8080 (http)
2024-04-08T16:02:11.123+03:00  INFO 9856 --- [socializingapp] [main] o.apache.catalina.core.StandardService   : Starting service [Tomcat]
2024-04-08T16:02:11.123+03:00  INFO 9856 --- [socializingapp] [main] o.apache.catalina.core.StandardEngine    : Starting Servlet engine: [Apache Tomcat/10.1.19]
2024-04-08T16:02:11.183+03:00  INFO 9856 --- [socializingapp] [main] o.a.c.c.C.[Tomcat].[localhost].[/]       : Initializing Spring embedded WebApplicationContext
2024-04-08T16:02:11.183+03:00  INFO 9856 --- [socializingapp] [main] w.s.c.ServletWebServerApplicationContext : Root WebApplicationContext: initialization completed in 1985 ms
2024-04-08T16:02:11.357+03:00  INFO 9856 --- [socializingapp] [main] o.hibernate.jpa.internal.util.LogHelper  : HHH000204: Processing PersistenceUnitInfo [name: default]
2024-04-08T16:02:11.438+03:00  INFO 9856 --- [socializingapp] [main] org.hibernate.Version                    : HHH000412: Hibernate ORM core version 6.4.4.Final
2024-04-08T16:02:11.486+03:00  INFO 9856 --- [socializingapp] [main] o.h.c.internal.RegionFactoryInitiator    : HHH000026: Second-level cache disabled
2024-04-08T16:02:11.737+03:00  INFO 9856 --- [socializingapp] [main] o.s.o.j.p.SpringPersistenceUnitInfo      : No LoadTimeWeaver setup: ignoring JPA class transformer
2024-04-08T16:02:11.769+03:00  INFO 9856 --- [socializingapp] [main] com.zaxxer.hikari.HikariDataSource       : HikariPool-1 - Starting...
2024-04-08T16:02:12.892+03:00 ERROR 9856 --- [socializingapp] [main] com.zaxxer.hikari.pool.HikariPool        : HikariPool-1 - Exception during pool initialization.

com.mysql.cj.jdbc.exceptions.CommunicationsException: Communications link failure

The last packet sent successfully to the server was 0 milliseconds ago. The driver has not received any packets from the server.
	at com.mysql.cj.jdbc.exceptions.SQLError.createCommunicationsException(SQLError.java:174) ~[mysql-connector-j-8.3.0.jar:8.3.0]
	at com.mysql.cj.jdbc.exceptions.SQLExceptionsMapping.translateException(SQLExceptionsMapping.java:64) ~[mysql-connector-j-8.3.0.jar:8.3.0]
	at com.mysql.cj.jdbc.ConnectionImpl.createNewIO(ConnectionImpl.java:815) ~[mysql-connector-j-8.3.0.jar:8.3.0]
	at com.mysql.cj.jdbc.ConnectionImpl.<init>(ConnectionImpl.java:438) ~[mysql-connector-j-8.3.0.jar:8.3.0]
	at com.mysql.cj.jdbc.ConnectionImpl.getInstance(ConnectionImpl.java:241) ~[mysql-connector-j-8.3.0.jar:8.3.0]
	at com.mysql.cj.jdbc.NonRegisteringDriver.connect(NonRegisteringDriver.java:189) ~[mysql-connector-j-8.3.0.jar:8.3.0]
	at com.zaxxer.hikari.util.DriverDataSource.getConnection(DriverDataSource.java:138) ~[HikariCP-5.0.1.jar:na]
	at com.zaxxer.hikari.pool.PoolBase.newConnection(PoolBase.java:359) ~[HikariCP-5.0.1.jar:na]
	at com.zaxxer.hikari.pool.PoolBase.newPoolEntry(PoolBase.java:201) ~[HikariCP-5.0.1.jar:na]
	at com.zaxxer.hikari.pool.HikariPool.createPoolEntry(HikariPool.java:470) ~[HikariCP-5.0.1.jar:na]
	at com.zaxxer.hikari.pool.HikariPool.checkFailFast(HikariPool.java:561) ~[HikariCP-5.0.1.jar:na]
	at com.zaxxer.hikari.pool.HikariPool.<init>(HikariPool.java:100) ~[HikariCP-5.0.1.jar:na]
	at com.zaxxer.hikari.HikariDataSource.getConnection(HikariDataSource.java:112) ~[HikariCP-5.0.1.jar:na]
	at org.hibernate.engine.jdbc.connections.internal.DatasourceConnectionProviderImpl.getConnection(DatasourceConnectionProviderImpl.java:122) ~[hibernate-core-6.4.4.Final.jar:6.4.4.Final]
	at org.hibernate.engine.jdbc.env.internal.JdbcEnvironmentInitiator$ConnectionProviderJdbcConnectionAccess.obtainConnection(JdbcEnvironmentInitiator.java:428) ~[hibernate-core-6.4.4.Final.jar:6.4.4.Final]
	at org.hibernate.resource.transaction.backend.jdbc.internal.JdbcIsolationDelegate.delegateWork(JdbcIsolationDelegate.java:61) ~[hibernate-core-6.4.4.Final.jar:6.4.4.Final]
	at org.hibernate.engine.jdbc.env.internal.JdbcEnvironmentInitiator.getJdbcEnvironmentUsingJdbcMetadata(JdbcEnvironmentInitiator.java:276) ~[hibernate-core-6.4.4.Final.jar:6.4.4.Final]
	at org.hibernate.engine.jdbc.env.internal.JdbcEnvironmentInitiator.initiateService(JdbcEnvironmentInitiator.java:107) ~[hibernate-core-6.4.4.Final.jar:6.4.4.Final]
	at org.hibernate.engine.jdbc.env.internal.JdbcEnvironmentInitiator.initiateService(JdbcEnvironmentInitiator.java:68) ~[hibernate-core-6.4.4.Final.jar:6.4.4.Final]
	at org.hibernate.boot.registry.internal.StandardServiceRegistryImpl.initiateService(StandardServiceRegistryImpl.java:130) ~[hibernate-core-6.4.4.Final.jar:6.4.4.Final]
	at org.hibernate.service.internal.AbstractServiceRegistryImpl.createService(AbstractServiceRegistryImpl.java:263) ~[hibernate-core-6.4.4.Final.jar:6.4.4.Final]
	at org.hibernate.service.internal.AbstractServiceRegistryImpl.initializeService(AbstractServiceRegistryImpl.java:238) ~[hibernate-core-6.4.4.Final.jar:6.4.4.Final]
	at org.hibernate.service.internal.AbstractServiceRegistryImpl.getService(AbstractServiceRegistryImpl.java:215) ~[hibernate-core-6.4.4.Final.jar:6.4.4.Final]
	at org.hibernate.boot.model.relational.Database.<init>(Database.java:45) ~[hibernate-core-6.4.4.Final.jar:6.4.4.Final]
	at org.hibernate.boot.internal.InFlightMetadataCollectorImpl.getDatabase(InFlightMetadataCollectorImpl.java:223) ~[hibernate-core-6.4.4.Final.jar:6.4.4.Final]
	at org.hibernate.boot.internal.InFlightMetadataCollectorImpl.<init>(InFlightMetadataCollectorImpl.java:191) ~[hibernate-core-6.4.4.Final.jar:6.4.4.Final]
	at org.hibernate.boot.model.process.spi.MetadataBuildingProcess.complete(MetadataBuildingProcess.java:170) ~[hibernate-core-6.4.4.Final.jar:6.4.4.Final]
	at org.hibernate.jpa.boot.internal.EntityManagerFactoryBuilderImpl.metadata(EntityManagerFactoryBuilderImpl.java:1432) ~[hibernate-core-6.4.4.Final.jar:6.4.4.Final]
	at org.hibernate.jpa.boot.internal.EntityManagerFactoryBuilderImpl.build(EntityManagerFactoryBuilderImpl.java:1503) ~[hibernate-core-6.4.4.Final.jar:6.4.4.Final]
	at org.springframework.orm.jpa.vendor.SpringHibernateJpaPersistenceProvider.createContainerEntityManagerFactory(SpringHibernateJpaPersistenceProvider.java:75) ~[spring-orm-6.1.5.jar:6.1.5]
	at org.springframework.orm.jpa.LocalContainerEntityManagerFactoryBean.createNativeEntityManagerFactory(LocalContainerEntityManagerFactoryBean.java:390) ~[spring-orm-6.1.5.jar:6.1.5]
	at org.springframework.orm.jpa.AbstractEntityManagerFactoryBean.buildNativeEntityManagerFactory(AbstractEntityManagerFactoryBean.java:409) ~[spring-orm-6.1.5.jar:6.1.5]
	at org.springframework.orm.jpa.AbstractEntityManagerFactoryBean.afterPropertiesSet(AbstractEntityManagerFactoryBean.java:396) ~[spring-orm-6.1.5.jar:6.1.5]
	at org.springframework.orm.jpa.LocalContainerEntityManagerFactoryBean.afterPropertiesSet(LocalContainerEntityManagerFactoryBean.java:366) ~[spring-orm-6.1.5.jar:6.1.5]
	at org.springframework.beans.factory.support.AbstractAutowireCapableBeanFactory.invokeInitMethods(AbstractAutowireCapableBeanFactory.java:1833) ~[spring-beans-6.1.5.jar:6.1.5]
	at org.springframework.beans.factory.support.AbstractAutowireCapableBeanFactory.initializeBean(AbstractAutowireCapableBeanFactory.java:1782) ~[spring-beans-6.1.5.jar:6.1.5]
	at org.springframework.beans.factory.support.AbstractAutowireCapableBeanFactory.doCreateBean(AbstractAutowireCapableBeanFactory.java:600) ~[spring-beans-6.1.5.jar:6.1.5]
	at org.springframework.beans.factory.support.AbstractAutowireCapableBeanFactory.createBean(AbstractAutowireCapableBeanFactory.java:522) ~[spring-beans-6.1.5.jar:6.1.5]
	at org.springframework.beans.factory.support.AbstractBeanFactory.lambda$doGetBean$0(AbstractBeanFactory.java:326) ~[spring-beans-6.1.5.jar:6.1.5]
	at org.springframework.beans.factory.support.DefaultSingletonBeanRegistry.getSingleton(DefaultSingletonBeanRegistry.java:234) ~[spring-beans-6.1.5.jar:6.1.5]
	at org.springframework.beans.factory.support.AbstractBeanFactory.doGetBean(AbstractBeanFactory.java:324) ~[spring-beans-6.1.5.jar:6.1.5]
	at org.springframework.beans.factory.support.AbstractBeanFactory.getBean(AbstractBeanFactory.java:200) ~[spring-beans-6.1.5.jar:6.1.5]
	at org.springframework.context.support.AbstractApplicationContext.getBean(AbstractApplicationContext.java:1234) ~[spring-context-6.1.5.jar:6.1.5]
	at org.springframework.context.support.AbstractApplicationContext.finishBeanFactoryInitialization(AbstractApplicationContext.java:952) ~[spring-context-6.1.5.jar:6.1.5]
	at org.springframework.context.support.AbstractApplicationContext.refresh(AbstractApplicationContext.java:624) ~[spring-context-6.1.5.jar:6.1.5]
	at org.springframework.boot.web.servlet.context.ServletWebServerApplicationContext.refresh(ServletWebServerApplicationContext.java:146) ~[spring-boot-3.2.4.jar:3.2.4]
	at org.springframework.boot.SpringApplication.refresh(SpringApplication.java:754) ~[spring-boot-3.2.4.jar:3.2.4]
	at org.springframework.boot.SpringApplication.refreshContext(SpringApplication.java:456) ~[spring-boot-3.2.4.jar:3.2.4]
	at org.springframework.boot.SpringApplication.run(SpringApplication.java:334) ~[spring-boot-3.2.4.jar:3.2.4]
	at org.springframework.boot.SpringApplication.run(SpringApplication.java:1354) ~[spring-boot-3.2.4.jar:3.2.4]
	at org.springframework.boot.SpringApplication.run(SpringApplication.java:1343) ~[spring-boot-3.2.4.jar:3.2.4]
	at com.example.socializingapp.SocializingappApplication.main(SocializingappApplication.java:10) ~[classes/:na]
Caused by: com.mysql.cj.exceptions.CJCommunicationsException: Communications link failure

The last packet sent successfully to the server was 0 milliseconds ago. The driver has not received any packets from the server.
	at java.base/jdk.internal.reflect.DirectConstructorHandleAccessor.newInstance(DirectConstructorHandleAccessor.java:62) ~[na:na]
	at java.base/java.lang.reflect.Constructor.newInstanceWithCaller(Constructor.java:502) ~[na:na]
	at java.base/java.lang.reflect.Constructor.newInstance(Constructor.java:486) ~[na:na]
	at com.mysql.cj.exceptions.ExceptionFactory.createException(ExceptionFactory.java:61) ~[mysql-connector-j-8.3.0.jar:8.3.0]
	at com.mysql.cj.exceptions.ExceptionFactory.createException(ExceptionFactory.java:104) ~[mysql-connector-j-8.3.0.jar:8.3.0]
	at com.mysql.cj.exceptions.ExceptionFactory.createException(ExceptionFactory.java:149) ~[mysql-connector-j-8.3.0.jar:8.3.0]
	at com.mysql.cj.exceptions.ExceptionFactory.createCommunicationsException(ExceptionFactory.java:165) ~[mysql-connector-j-8.3.0.jar:8.3.0]
	at com.mysql.cj.protocol.a.NativeSocketConnection.connect(NativeSocketConnection.java:88) ~[mysql-connector-j-8.3.0.jar:8.3.0]
	at com.mysql.cj.NativeSession.connect(NativeSession.java:120) ~[mysql-connector-j-8.3.0.jar:8.3.0]
	at com.mysql.cj.jdbc.ConnectionImpl.connectOneTryOnly(ConnectionImpl.java:935) ~[mysql-connector-j-8.3.0.jar:8.3.0]
	at com.mysql.cj.jdbc.ConnectionImpl.createNewIO(ConnectionImpl.java:805) ~[mysql-connector-j-8.3.0.jar:8.3.0]
	... 49 common frames omitted
Caused by: java.net.ConnectException: Connection refused: getsockopt
	at java.base/sun.nio.ch.Net.pollConnect(Native Method) ~[na:na]
	at java.base/sun.nio.ch.Net.pollConnectNow(Net.java:682) ~[na:na]
	at java.base/sun.nio.ch.NioSocketImpl.timedFinishConnect(NioSocketImpl.java:542) ~[na:na]
	at java.base/sun.nio.ch.NioSocketImpl.connect(NioSocketImpl.java:592) ~[na:na]
	at java.base/java.net.SocksSocketImpl.connect(SocksSocketImpl.java:327) ~[na:na]
	at java.base/java.net.Socket.connect(Socket.java:752) ~[na:na]
	at com.mysql.cj.protocol.StandardSocketFactory.connect(StandardSocketFactory.java:153) ~[mysql-connector-j-8.3.0.jar:8.3.0]
	at com.mysql.cj.protocol.a.NativeSocketConnection.connect(NativeSocketConnection.java:62) ~[mysql-connector-j-8.3.0.jar:8.3.0]
	... 52 common frames omitted

2024-04-08T16:02:12.898+03:00  WARN 9856 --- [socializingapp] [main] o.h.e.j.e.i.JdbcEnvironmentInitiator     : HHH000342: Could not obtain connection to query metadata

java.lang.NullPointerException: Cannot invoke "org.hibernate.engine.jdbc.spi.SqlExceptionHelper.convert(java.sql.SQLException, String)" because the return value of "org.hibernate.resource.transaction.backend.jdbc.internal.JdbcIsolationDelegate.sqlExceptionHelper()" is null
	at org.hibernate.resource.transaction.backend.jdbc.internal.JdbcIsolationDelegate.delegateWork(JdbcIsolationDelegate.java:116) ~[hibernate-core-6.4.4.Final.jar:6.4.4.Final]
	at org.hibernate.engine.jdbc.env.internal.JdbcEnvironmentInitiator.getJdbcEnvironmentUsingJdbcMetadata(JdbcEnvironmentInitiator.java:276) ~[hibernate-core-6.4.4.Final.jar:6.4.4.Final]
	at org.hibernate.engine.jdbc.env.internal.JdbcEnvironmentInitiator.initiateService(JdbcEnvironmentInitiator.java:107) ~[hibernate-core-6.4.4.Final.jar:6.4.4.Final]
	at org.hibernate.engine.jdbc.env.internal.JdbcEnvironmentInitiator.initiateService(JdbcEnvironmentInitiator.java:68) ~[hibernate-core-6.4.4.Final.jar:6.4.4.Final]
	at org.hibernate.boot.registry.internal.StandardServiceRegistryImpl.initiateService(StandardServiceRegistryImpl.java:130) ~[hibernate-core-6.4.4.Final.jar:6.4.4.Final]
	at org.hibernate.service.internal.AbstractServiceRegistryImpl.createService(AbstractServiceRegistryImpl.java:263) ~[hibernate-core-6.4.4.Final.jar:6.4.4.Final]
	at org.hibernate.service.internal.AbstractServiceRegistryImpl.initializeService(AbstractServiceRegistryImpl.java:238) ~[hibernate-core-6.4.4.Final.jar:6.4.4.Final]
	at org.hibernate.service.internal.AbstractServiceRegistryImpl.getService(AbstractServiceRegistryImpl.java:215) ~[hibernate-core-6.4.4.Final.jar:6.4.4.Final]
	at org.hibernate.boot.model.relational.Database.<init>(Database.java:45) ~[hibernate-core-6.4.4.Final.jar:6.4.4.Final]
	at org.hibernate.boot.internal.InFlightMetadataCollectorImpl.getDatabase(InFlightMetadataCollectorImpl.java:223) ~[hibernate-core-6.4.4.Final.jar:6.4.4.Final]
	at org.hibernate.boot.internal.InFlightMetadataCollectorImpl.<init>(InFlightMetadataCollectorImpl.java:191) ~[hibernate-core-6.4.4.Final.jar:6.4.4.Final]
	at org.hibernate.boot.model.process.spi.MetadataBuildingProcess.complete(MetadataBuildingProcess.java:170) ~[hibernate-core-6.4.4.Final.jar:6.4.4.Final]
	at org.hibernate.jpa.boot.internal.EntityManagerFactoryBuilderImpl.metadata(EntityManagerFactoryBuilderImpl.java:1432) ~[hibernate-core-6.4.4.Final.jar:6.4.4.Final]
	at org.hibernate.jpa.boot.internal.EntityManagerFactoryBuilderImpl.build(EntityManagerFactoryBuilderImpl.java:1503) ~[hibernate-core-6.4.4.Final.jar:6.4.4.Final]
	at org.springframework.orm.jpa.vendor.SpringHibernateJpaPersistenceProvider.createContainerEntityManagerFactory(SpringHibernateJpaPersistenceProvider.java:75) ~[spring-orm-6.1.5.jar:6.1.5]
	at org.springframework.orm.jpa.LocalContainerEntityManagerFactoryBean.createNativeEntityManagerFactory(LocalContainerEntityManagerFactoryBean.java:390) ~[spring-orm-6.1.5.jar:6.1.5]
	at org.springframework.orm.jpa.AbstractEntityManagerFactoryBean.buildNativeEntityManagerFactory(AbstractEntityManagerFactoryBean.java:409) ~[spring-orm-6.1.5.jar:6.1.5]
	at org.springframework.orm.jpa.AbstractEntityManagerFactoryBean.afterPropertiesSet(AbstractEntityManagerFactoryBean.java:396) ~[spring-orm-6.1.5.jar:6.1.5]
	at org.springframework.orm.jpa.LocalContainerEntityManagerFactoryBean.afterPropertiesSet(LocalContainerEntityManagerFactoryBean.java:366) ~[spring-orm-6.1.5.jar:6.1.5]
	at org.springframework.beans.factory.support.AbstractAutowireCapableBeanFactory.invokeInitMethods(AbstractAutowireCapableBeanFactory.java:1833) ~[spring-beans-6.1.5.jar:6.1.5]
	at org.springframework.beans.factory.support.AbstractAutowireCapableBeanFactory.initializeBean(AbstractAutowireCapableBeanFactory.java:1782) ~[spring-beans-6.1.5.jar:6.1.5]
	at org.springframework.beans.factory.support.AbstractAutowireCapableBeanFactory.doCreateBean(AbstractAutowireCapableBeanFactory.java:600) ~[spring-beans-6.1.5.jar:6.1.5]
	at org.springframework.beans.factory.support.AbstractAutowireCapableBeanFactory.createBean(AbstractAutowireCapableBeanFactory.java:522) ~[spring-beans-6.1.5.jar:6.1.5]
	at org.springframework.beans.factory.support.AbstractBeanFactory.lambda$doGetBean$0(AbstractBeanFactory.java:326) ~[spring-beans-6.1.5.jar:6.1.5]
	at org.springframework.beans.factory.support.DefaultSingletonBeanRegistry.getSingleton(DefaultSingletonBeanRegistry.java:234) ~[spring-beans-6.1.5.jar:6.1.5]
	at org.springframework.beans.factory.support.AbstractBeanFactory.doGetBean(AbstractBeanFactory.java:324) ~[spring-beans-6.1.5.jar:6.1.5]
	at org.springframework.beans.factory.support.AbstractBeanFactory.getBean(AbstractBeanFactory.java:200) ~[spring-beans-6.1.5.jar:6.1.5]
	at org.springframework.context.support.AbstractApplicationContext.getBean(AbstractApplicationContext.java:1234) ~[spring-context-6.1.5.jar:6.1.5]
	at org.springframework.context.support.AbstractApplicationContext.finishBeanFactoryInitialization(AbstractApplicationContext.java:952) ~[spring-context-6.1.5.jar:6.1.5]
	at org.springframework.context.support.AbstractApplicationContext.refresh(AbstractApplicationContext.java:624) ~[spring-context-6.1.5.jar:6.1.5]
	at org.springframework.boot.web.servlet.context.ServletWebServerApplicationContext.refresh(ServletWebServerApplicationContext.java:146) ~[spring-boot-3.2.4.jar:3.2.4]
	at org.springframework.boot.SpringApplication.refresh(SpringApplication.java:754) ~[spring-boot-3.2.4.jar:3.2.4]
	at org.springframework.boot.SpringApplication.refreshContext(SpringApplication.java:456) ~[spring-boot-3.2.4.jar:3.2.4]
	at org.springframework.boot.SpringApplication.run(SpringApplication.java:334) ~[spring-boot-3.2.4.jar:3.2.4]
	at org.springframework.boot.SpringApplication.run(SpringApplication.java:1354) ~[spring-boot-3.2.4.jar:3.2.4]
	at org.springframework.boot.SpringApplication.run(SpringApplication.java:1343) ~[spring-boot-3.2.4.jar:3.2.4]
	at com.example.socializingapp.SocializingappApplication.main(SocializingappApplication.java:10) ~[classes/:na]

2024-04-08T16:02:12.899+03:00 ERROR 9856 --- [socializingapp] [main] j.LocalContainerEntityManagerFactoryBean : Failed to initialize JPA EntityManagerFactory: Unable to create requested service [org.hibernate.engine.jdbc.env.spi.JdbcEnvironment] due to: Unable to determine Dialect without JDBC metadata (please set 'jakarta.persistence.jdbc.url' for common cases or 'hibernate.dialect' when a custom Dialect implementation must be provided)
2024-04-08T16:02:12.900+03:00  WARN 9856 --- [socializingapp] [main] ConfigServletWebServerApplicationContext : Exception encountered during context initialization - cancelling refresh attempt: org.springframework.beans.factory.BeanCreationException: Error creating bean with name 'entityManagerFactory' defined in class path resource [org/springframework/boot/autoconfigure/orm/jpa/HibernateJpaConfiguration.class]: Unable to create requested service [org.hibernate.engine.jdbc.env.spi.JdbcEnvironment] due to: Unable to determine Dialect without JDBC metadata (please set 'jakarta.persistence.jdbc.url' for common cases or 'hibernate.dialect' when a custom Dialect implementation must be provided)
2024-04-08T16:02:12.902+03:00  INFO 9856 --- [socializingapp] [main] o.apache.catalina.core.StandardService   : Stopping service [Tomcat]
2024-04-08T16:02:12.913+03:00  INFO 9856 --- [socializingapp] [main] .s.b.a.l.ConditionEvaluationReportLogger : 

Error starting ApplicationContext. To display the condition evaluation report re-run your application with 'debug' enabled.
2024-04-08T16:02:12.929+03:00 ERROR 9856 --- [socializingapp] [main] o.s.boot.SpringApplication               : Application run failed

org.springframework.beans.factory.BeanCreationException: Error creating bean with name 'entityManagerFactory' defined in class path resource [org/springframework/boot/autoconfigure/orm/jpa/HibernateJpaConfiguration.class]: Unable to create requested service [org.hibernate.engine.jdbc.env.spi.JdbcEnvironment] due to: Unable to determine Dialect without JDBC metadata (please set 'jakarta.persistence.jdbc.url' for common cases or 'hibernate.dialect' when a custom Dialect implementation must be provided)
	at org.springframework.beans.factory.support.AbstractAutowireCapableBeanFactory.initializeBean(AbstractAutowireCapableBeanFactory.java:1786) ~[spring-beans-6.1.5.jar:6.1.5]
	at org.springframework.beans.factory.support.AbstractAutowireCapableBeanFactory.doCreateBean(AbstractAutowireCapableBeanFactory.java:600) ~[spring-beans-6.1.5.jar:6.1.5]
	at org.springframework.beans.factory.support.AbstractAutowireCapableBeanFactory.createBean(AbstractAutowireCapableBeanFactory.java:522) ~[spring-beans-6.1.5.jar:6.1.5]
	at org.springframework.beans.factory.support.AbstractBeanFactory.lambda$doGetBean$0(AbstractBeanFactory.java:326) ~[spring-beans-6.1.5.jar:6.1.5]
	at org.springframework.beans.factory.support.DefaultSingletonBeanRegistry.getSingleton(DefaultSingletonBeanRegistry.java:234) ~[spring-beans-6.1.5.jar:6.1.5]
	at org.springframework.beans.factory.support.AbstractBeanFactory.doGetBean(AbstractBeanFactory.java:324) ~[spring-beans-6.1.5.jar:6.1.5]
	at org.springframework.beans.factory.support.AbstractBeanFactory.getBean(AbstractBeanFactory.java:200) ~[spring-beans-6.1.5.jar:6.1.5]
	at org.springframework.context.support.AbstractApplicationContext.getBean(AbstractApplicationContext.java:1234) ~[spring-context-6.1.5.jar:6.1.5]
	at org.springframework.context.support.AbstractApplicationContext.finishBeanFactoryInitialization(AbstractApplicationContext.java:952) ~[spring-context-6.1.5.jar:6.1.5]
	at org.springframework.context.support.AbstractApplicationContext.refresh(AbstractApplicationContext.java:624) ~[spring-context-6.1.5.jar:6.1.5]
	at org.springframework.boot.web.servlet.context.ServletWebServerApplicationContext.refresh(ServletWebServerApplicationContext.java:146) ~[spring-boot-3.2.4.jar:3.2.4]
	at org.springframework.boot.SpringApplication.refresh(SpringApplication.java:754) ~[spring-boot-3.2.4.jar:3.2.4]
	at org.springframework.boot.SpringApplication.refreshContext(SpringApplication.java:456) ~[spring-boot-3.2.4.jar:3.2.4]
	at org.springframework.boot.SpringApplication.run(SpringApplication.java:334) ~[spring-boot-3.2.4.jar:3.2.4]
	at org.springframework.boot.SpringApplication.run(SpringApplication.java:1354) ~[spring-boot-3.2.4.jar:3.2.4]
	at org.springframework.boot.SpringApplication.run(SpringApplication.java:1343) ~[spring-boot-3.2.4.jar:3.2.4]
	at com.example.socializingapp.SocializingappApplication.main(SocializingappApplication.java:10) ~[classes/:na]
Caused by: org.hibernate.service.spi.ServiceException: Unable to create requested service [org.hibernate.engine.jdbc.env.spi.JdbcEnvironment] due to: Unable to determine Dialect without JDBC metadata (please set 'jakarta.persistence.jdbc.url' for common cases or 'hibernate.dialect' when a custom Dialect implementation must be provided)
	at org.hibernate.service.internal.AbstractServiceRegistryImpl.createService(AbstractServiceRegistryImpl.java:276) ~[hibernate-core-6.4.4.Final.jar:6.4.4.Final]
	at org.hibernate.service.internal.AbstractServiceRegistryImpl.initializeService(AbstractServiceRegistryImpl.java:238) ~[hibernate-core-6.4.4.Final.jar:6.4.4.Final]
	at org.hibernate.service.internal.AbstractServiceRegistryImpl.getService(AbstractServiceRegistryImpl.java:215) ~[hibernate-core-6.4.4.Final.jar:6.4.4.Final]
	at org.hibernate.boot.model.relational.Database.<init>(Database.java:45) ~[hibernate-core-6.4.4.Final.jar:6.4.4.Final]
	at org.hibernate.boot.internal.InFlightMetadataCollectorImpl.getDatabase(InFlightMetadataCollectorImpl.java:223) ~[hibernate-core-6.4.4.Final.jar:6.4.4.Final]
	at org.hibernate.boot.internal.InFlightMetadataCollectorImpl.<init>(InFlightMetadataCollectorImpl.java:191) ~[hibernate-core-6.4.4.Final.jar:6.4.4.Final]
	at org.hibernate.boot.model.process.spi.MetadataBuildingProcess.complete(MetadataBuildingProcess.java:170) ~[hibernate-core-6.4.4.Final.jar:6.4.4.Final]
	at org.hibernate.jpa.boot.internal.EntityManagerFactoryBuilderImpl.metadata(EntityManagerFactoryBuilderImpl.java:1432) ~[hibernate-core-6.4.4.Final.jar:6.4.4.Final]
	at org.hibernate.jpa.boot.internal.EntityManagerFactoryBuilderImpl.build(EntityManagerFactoryBuilderImpl.java:1503) ~[hibernate-core-6.4.4.Final.jar:6.4.4.Final]
	at org.springframework.orm.jpa.vendor.SpringHibernateJpaPersistenceProvider.createContainerEntityManagerFactory(SpringHibernateJpaPersistenceProvider.java:75) ~[spring-orm-6.1.5.jar:6.1.5]
	at org.springframework.orm.jpa.LocalContainerEntityManagerFactoryBean.createNativeEntityManagerFactory(LocalContainerEntityManagerFactoryBean.java:390) ~[spring-orm-6.1.5.jar:6.1.5]
	at org.springframework.orm.jpa.AbstractEntityManagerFactoryBean.buildNativeEntityManagerFactory(AbstractEntityManagerFactoryBean.java:409) ~[spring-orm-6.1.5.jar:6.1.5]
	at org.springframework.orm.jpa.AbstractEntityManagerFactoryBean.afterPropertiesSet(AbstractEntityManagerFactoryBean.java:396) ~[spring-orm-6.1.5.jar:6.1.5]
	at org.springframework.orm.jpa.LocalContainerEntityManagerFactoryBean.afterPropertiesSet(LocalContainerEntityManagerFactoryBean.java:366) ~[spring-orm-6.1.5.jar:6.1.5]
	at org.springframework.beans.factory.support.AbstractAutowireCapableBeanFactory.invokeInitMethods(AbstractAutowireCapableBeanFactory.java:1833) ~[spring-beans-6.1.5.jar:6.1.5]
	at org.springframework.beans.factory.support.AbstractAutowireCapableBeanFactory.initializeBean(AbstractAutowireCapableBeanFactory.java:1782) ~[spring-beans-6.1.5.jar:6.1.5]
	... 16 common frames omitted
Caused by: org.hibernate.HibernateException: Unable to determine Dialect without JDBC metadata (please set 'jakarta.persistence.jdbc.url' for common cases or 'hibernate.dialect' when a custom Dialect implementation must be provided)
	at org.hibernate.engine.jdbc.dialect.internal.DialectFactoryImpl.determineDialect(DialectFactoryImpl.java:191) ~[hibernate-core-6.4.4.Final.jar:6.4.4.Final]
	at org.hibernate.engine.jdbc.dialect.internal.DialectFactoryImpl.buildDialect(DialectFactoryImpl.java:87) ~[hibernate-core-6.4.4.Final.jar:6.4.4.Final]
	at org.hibernate.engine.jdbc.env.internal.JdbcEnvironmentInitiator.getJdbcEnvironmentWithDefaults(JdbcEnvironmentInitiator.java:143) ~[hibernate-core-6.4.4.Final.jar:6.4.4.Final]
	at org.hibernate.engine.jdbc.env.internal.JdbcEnvironmentInitiator.getJdbcEnvironmentUsingJdbcMetadata(JdbcEnvironmentInitiator.java:348) ~[hibernate-core-6.4.4.Final.jar:6.4.4.Final]
	at org.hibernate.engine.jdbc.env.internal.JdbcEnvironmentInitiator.initiateService(JdbcEnvironmentInitiator.java:107) ~[hibernate-core-6.4.4.Final.jar:6.4.4.Final]
	at org.hibernate.engine.jdbc.env.internal.JdbcEnvironmentInitiator.initiateService(JdbcEnvironmentInitiator.java:68) ~[hibernate-core-6.4.4.Final.jar:6.4.4.Final]
	at org.hibernate.boot.registry.internal.StandardServiceRegistryImpl.initiateService(StandardServiceRegistryImpl.java:130) ~[hibernate-core-6.4.4.Final.jar:6.4.4.Final]
	at org.hibernate.service.internal.AbstractServiceRegistryImpl.createService(AbstractServiceRegistryImpl.java:263) ~[hibernate-core-6.4.4.Final.jar:6.4.4.Final]
	... 31 common frames omitted

2024-04-08T16:02:26.524+03:00  INFO 1768 --- [socializingapp] [main] c.e.s.SocializingappApplication          : Starting SocializingappApplication using Java 22 with PID 1768 (D:\Facultate info\Master IS\An 1\sem 2\Aplicatii web pentru baze de date\socializingapp\target\classes started by mihai in D:\Facultate info\Master IS\An 1\sem 2\Aplicatii web pentru baze de date\socializingapp)
2024-04-08T16:02:26.526+03:00  INFO 1768 --- [socializingapp] [main] c.e.s.SocializingappApplication          : The following 1 profile is active: "mysql"
2024-04-08T16:02:27.417+03:00  INFO 1768 --- [socializingapp] [main] .s.d.r.c.RepositoryConfigurationDelegate : Bootstrapping Spring Data JPA repositories in DEFAULT mode.
2024-04-08T16:02:27.489+03:00  INFO 1768 --- [socializingapp] [main] .s.d.r.c.RepositoryConfigurationDelegate : Finished Spring Data repository scanning in 64 ms. Found 6 JPA repository interfaces.
2024-04-08T16:02:28.359+03:00  INFO 1768 --- [socializingapp] [main] o.s.b.w.embedded.tomcat.TomcatWebServer  : Tomcat initialized with port 8080 (http)
2024-04-08T16:02:28.377+03:00  INFO 1768 --- [socializingapp] [main] o.apache.catalina.core.StandardService   : Starting service [Tomcat]
2024-04-08T16:02:28.378+03:00  INFO 1768 --- [socializingapp] [main] o.apache.catalina.core.StandardEngine    : Starting Servlet engine: [Apache Tomcat/10.1.19]
2024-04-08T16:02:28.464+03:00  INFO 1768 --- [socializingapp] [main] o.a.c.c.C.[Tomcat].[localhost].[/]       : Initializing Spring embedded WebApplicationContext
2024-04-08T16:02:28.464+03:00  INFO 1768 --- [socializingapp] [main] w.s.c.ServletWebServerApplicationContext : Root WebApplicationContext: initialization completed in 1885 ms
2024-04-08T16:02:28.632+03:00  INFO 1768 --- [socializingapp] [main] o.hibernate.jpa.internal.util.LogHelper  : HHH000204: Processing PersistenceUnitInfo [name: default]
2024-04-08T16:02:28.703+03:00  INFO 1768 --- [socializingapp] [main] org.hibernate.Version                    : HHH000412: Hibernate ORM core version 6.4.4.Final
2024-04-08T16:02:28.739+03:00  INFO 1768 --- [socializingapp] [main] o.h.c.internal.RegionFactoryInitiator    : HHH000026: Second-level cache disabled
2024-04-08T16:02:28.992+03:00  INFO 1768 --- [socializingapp] [main] o.s.o.j.p.SpringPersistenceUnitInfo      : No LoadTimeWeaver setup: ignoring JPA class transformer
2024-04-08T16:02:29.025+03:00  INFO 1768 --- [socializingapp] [main] com.zaxxer.hikari.HikariDataSource       : HikariPool-1 - Starting...
2024-04-08T16:02:29.438+03:00  INFO 1768 --- [socializingapp] [main] com.zaxxer.hikari.pool.HikariPool        : HikariPool-1 - Added connection com.mysql.cj.jdbc.ConnectionImpl@794cb26b
2024-04-08T16:02:29.441+03:00  INFO 1768 --- [socializingapp] [main] com.zaxxer.hikari.HikariDataSource       : HikariPool-1 - Start completed.
2024-04-08T16:02:31.045+03:00  INFO 1768 --- [socializingapp] [main] o.h.e.t.j.p.i.JtaPlatformInitiator       : HHH000489: No JTA platform available (set 'hibernate.transaction.jta.platform' to enable JTA platform integration)
2024-04-08T16:02:31.122+03:00  INFO 1768 --- [socializingapp] [main] j.LocalContainerEntityManagerFactoryBean : Initialized JPA EntityManagerFactory for persistence unit 'default'
2024-04-08T16:02:31.445+03:00  INFO 1768 --- [socializingapp] [main] o.s.d.j.r.query.QueryEnhancerFactory     : Hibernate is in classpath; If applicable, HQL parser will be used.
2024-04-08T16:02:32.409+03:00  WARN 1768 --- [socializingapp] [main] JpaBaseConfiguration$JpaWebConfiguration : spring.jpa.open-in-view is enabled by default. Therefore, database queries may be performed during view rendering. Explicitly configure spring.jpa.open-in-view to disable this warning
2024-04-08T16:02:32.869+03:00  INFO 1768 --- [socializingapp] [main] o.s.s.web.DefaultSecurityFilterChain     : Will secure any request with [org.springframework.security.web.session.DisableEncodeUrlFilter@3982fdf7, org.springframework.security.web.context.request.async.WebAsyncManagerIntegrationFilter@1933e1dc, org.springframework.security.web.context.SecurityContextHolderFilter@78cb15b9, org.springframework.security.web.header.HeaderWriterFilter@349e6ca8, org.springframework.web.filter.CorsFilter@53963f8e, org.springframework.security.web.authentication.logout.LogoutFilter@3bf8feec, org.springframework.security.web.authentication.UsernamePasswordAuthenticationFilter@2c018211, org.springframework.security.web.savedrequest.RequestCacheAwareFilter@5408854f, org.springframework.security.web.servletapi.SecurityContextHolderAwareRequestFilter@7ca9c253, org.springframework.security.web.authentication.AnonymousAuthenticationFilter@ae54cb3, org.springframework.security.web.access.ExceptionTranslationFilter@74d74701, org.springframework.security.web.access.intercept.AuthorizationFilter@6b37cadf]
2024-04-08T16:02:33.329+03:00  INFO 1768 --- [socializingapp] [main] o.s.b.w.embedded.tomcat.TomcatWebServer  : Tomcat started on port 8080 (http) with context path ''
2024-04-08T16:02:33.345+03:00  INFO 1768 --- [socializingapp] [main] c.e.s.SocializingappApplication          : Started SocializingappApplication in 7.337 seconds (process running for 8.467)
2024-04-08T16:02:33.486+03:00  INFO 1768 --- [socializingapp] [http-nio-8080-exec-2] o.a.c.c.C.[Tomcat].[localhost].[/]       : Initializing Spring DispatcherServlet 'dispatcherServlet'
2024-04-08T16:02:33.486+03:00  INFO 1768 --- [socializingapp] [http-nio-8080-exec-2] o.s.web.servlet.DispatcherServlet        : Initializing Servlet 'dispatcherServlet'
2024-04-08T16:02:33.488+03:00  INFO 1768 --- [socializingapp] [http-nio-8080-exec-2] o.s.web.servlet.DispatcherServlet        : Completed initialization in 1 ms
2024-04-08T16:02:40.995+03:00  INFO 1768 --- [socializingapp] [http-nio-8080-exec-1] c.e.s.security.UserDetailsServiceImpl    : Attempted sign in operation for username: test
2024-04-08T16:02:54.353+03:00  INFO 1768 --- [socializingapp] [http-nio-8080-exec-3] c.e.s.security.UserDetailsServiceImpl    : Attempted sign in operation for username: test2
2024-04-08T16:02:54.501+03:00  INFO 1768 --- [socializingapp] [http-nio-8080-exec-3] c.e.s.security.UserDetailsServiceImpl    : Attempted sign in operation for username: test2
2024-04-08T16:03:00.304+03:00  INFO 1768 --- [socializingapp] [http-nio-8080-exec-7] c.e.s.security.UserDetailsServiceImpl    : Attempted sign in operation for username: test2
2024-04-08T16:03:00.382+03:00  INFO 1768 --- [socializingapp] [http-nio-8080-exec-7] c.e.s.security.UserDetailsServiceImpl    : Attempted sign in operation for username: test2
2024-04-08T16:03:13.072+03:00  INFO 1768 --- [socializingapp] [http-nio-8080-exec-4] c.e.s.security.UserDetailsServiceImpl    : Attempted sign in operation for username: test2
2024-04-08T16:03:13.150+03:00  INFO 1768 --- [socializingapp] [http-nio-8080-exec-4] c.e.s.security.UserDetailsServiceImpl    : Attempted sign in operation for username: test2
2024-04-08T16:03:29.104+03:00  INFO 1768 --- [socializingapp] [http-nio-8080-exec-10] c.e.s.security.UserDetailsServiceImpl    : Attempted sign in operation for username: test2
2024-04-08T16:03:29.194+03:00  INFO 1768 --- [socializingapp] [http-nio-8080-exec-10] c.e.s.security.UserDetailsServiceImpl    : Attempted sign in operation for username: test2
2024-04-08T16:03:38.108+03:00  INFO 1768 --- [socializingapp] [http-nio-8080-exec-5] c.e.s.security.UserDetailsServiceImpl    : Attempted sign in operation for username: test3
2024-04-08T16:03:38.185+03:00  INFO 1768 --- [socializingapp] [http-nio-8080-exec-5] c.e.s.security.UserDetailsServiceImpl    : Attempted sign in operation for username: test3
2024-04-08T16:03:51.688+03:00  INFO 1768 --- [socializingapp] [http-nio-8080-exec-1] c.e.s.security.UserDetailsServiceImpl    : Attempted sign in operation for username: test2
2024-04-08T16:04:00.839+03:00  INFO 1768 --- [socializingapp] [http-nio-8080-exec-2] c.e.s.security.UserDetailsServiceImpl    : Attempted sign in operation for username: test
2024-04-08T16:14:37.011+03:00  INFO 1768 --- [socializingapp] [SpringApplicationShutdownHook] j.LocalContainerEntityManagerFactoryBean : Closing JPA EntityManagerFactory for persistence unit 'default'
2024-04-08T16:14:37.014+03:00  INFO 1768 --- [socializingapp] [SpringApplicationShutdownHook] com.zaxxer.hikari.HikariDataSource       : HikariPool-1 - Shutdown initiated...
2024-04-08T16:14:37.025+03:00  INFO 1768 --- [socializingapp] [SpringApplicationShutdownHook] com.zaxxer.hikari.HikariDataSource       : HikariPool-1 - Shutdown completed.
2024-04-08T16:14:41.710+03:00  INFO 17080 --- [socializingapp] [main] c.e.s.SocializingappApplication          : Starting SocializingappApplication using Java 22 with PID 17080 (D:\Facultate info\Master IS\An 1\sem 2\Aplicatii web pentru baze de date\socializingapp\target\classes started by mihai in D:\Facultate info\Master IS\An 1\sem 2\Aplicatii web pentru baze de date\socializingapp)
2024-04-08T16:14:41.712+03:00  INFO 17080 --- [socializingapp] [main] c.e.s.SocializingappApplication          : The following 1 profile is active: "mysql"
2024-04-08T16:14:42.402+03:00  INFO 17080 --- [socializingapp] [main] .s.d.r.c.RepositoryConfigurationDelegate : Bootstrapping Spring Data JPA repositories in DEFAULT mode.
2024-04-08T16:14:42.476+03:00  INFO 17080 --- [socializingapp] [main] .s.d.r.c.RepositoryConfigurationDelegate : Finished Spring Data repository scanning in 67 ms. Found 6 JPA repository interfaces.
2024-04-08T16:14:43.284+03:00  INFO 17080 --- [socializingapp] [main] o.s.b.w.embedded.tomcat.TomcatWebServer  : Tomcat initialized with port 8080 (http)
2024-04-08T16:14:43.302+03:00  INFO 17080 --- [socializingapp] [main] o.apache.catalina.core.StandardService   : Starting service [Tomcat]
2024-04-08T16:14:43.303+03:00  INFO 17080 --- [socializingapp] [main] o.apache.catalina.core.StandardEngine    : Starting Servlet engine: [Apache Tomcat/10.1.19]
2024-04-08T16:14:43.385+03:00  INFO 17080 --- [socializingapp] [main] o.a.c.c.C.[Tomcat].[localhost].[/]       : Initializing Spring embedded WebApplicationContext
2024-04-08T16:14:43.385+03:00  INFO 17080 --- [socializingapp] [main] w.s.c.ServletWebServerApplicationContext : Root WebApplicationContext: initialization completed in 1628 ms
2024-04-08T16:14:43.627+03:00  INFO 17080 --- [socializingapp] [main] o.hibernate.jpa.internal.util.LogHelper  : HHH000204: Processing PersistenceUnitInfo [name: default]
2024-04-08T16:14:43.748+03:00  INFO 17080 --- [socializingapp] [main] org.hibernate.Version                    : HHH000412: Hibernate ORM core version 6.4.4.Final
2024-04-08T16:14:43.812+03:00  INFO 17080 --- [socializingapp] [main] o.h.c.internal.RegionFactoryInitiator    : HHH000026: Second-level cache disabled
2024-04-08T16:14:44.323+03:00  INFO 17080 --- [socializingapp] [main] o.s.o.j.p.SpringPersistenceUnitInfo      : No LoadTimeWeaver setup: ignoring JPA class transformer
2024-04-08T16:14:44.382+03:00  INFO 17080 --- [socializingapp] [main] com.zaxxer.hikari.HikariDataSource       : HikariPool-1 - Starting...
2024-04-08T16:14:44.775+03:00  INFO 17080 --- [socializingapp] [main] com.zaxxer.hikari.pool.HikariPool        : HikariPool-1 - Added connection com.mysql.cj.jdbc.ConnectionImpl@1d3a03fe
2024-04-08T16:14:44.776+03:00  INFO 17080 --- [socializingapp] [main] com.zaxxer.hikari.HikariDataSource       : HikariPool-1 - Start completed.
2024-04-08T16:14:45.887+03:00  INFO 17080 --- [socializingapp] [main] o.h.e.t.j.p.i.JtaPlatformInitiator       : HHH000489: No JTA platform available (set 'hibernate.transaction.jta.platform' to enable JTA platform integration)
2024-04-08T16:14:45.934+03:00  INFO 17080 --- [socializingapp] [main] j.LocalContainerEntityManagerFactoryBean : Initialized JPA EntityManagerFactory for persistence unit 'default'
2024-04-08T16:14:46.174+03:00  INFO 17080 --- [socializingapp] [main] o.s.d.j.r.query.QueryEnhancerFactory     : Hibernate is in classpath; If applicable, HQL parser will be used.
2024-04-08T16:14:46.914+03:00  WARN 17080 --- [socializingapp] [main] JpaBaseConfiguration$JpaWebConfiguration : spring.jpa.open-in-view is enabled by default. Therefore, database queries may be performed during view rendering. Explicitly configure spring.jpa.open-in-view to disable this warning
2024-04-08T16:14:47.204+03:00  INFO 17080 --- [socializingapp] [main] o.s.s.web.DefaultSecurityFilterChain     : Will secure any request with [org.springframework.security.web.session.DisableEncodeUrlFilter@ae54cb3, org.springframework.security.web.context.request.async.WebAsyncManagerIntegrationFilter@24a6655d, org.springframework.security.web.context.SecurityContextHolderFilter@7ca9c253, org.springframework.security.web.header.HeaderWriterFilter@78cb15b9, org.springframework.web.filter.CorsFilter@229d5d14, org.springframework.security.web.authentication.logout.LogoutFilter@2c7178ed, org.springframework.security.web.authentication.UsernamePasswordAuthenticationFilter@3982fdf7, org.springframework.security.web.savedrequest.RequestCacheAwareFilter@5d708ef6, org.springframework.security.web.servletapi.SecurityContextHolderAwareRequestFilter@4d424aea, org.springframework.security.web.authentication.AnonymousAuthenticationFilter@40957c86, org.springframework.security.web.access.ExceptionTranslationFilter@3e4aabde, org.springframework.security.web.access.intercept.AuthorizationFilter@6cb6a38c]
2024-04-08T16:14:47.477+03:00  INFO 17080 --- [socializingapp] [main] o.s.b.w.embedded.tomcat.TomcatWebServer  : Tomcat started on port 8080 (http) with context path ''
2024-04-08T16:14:47.485+03:00  INFO 17080 --- [socializingapp] [main] c.e.s.SocializingappApplication          : Started SocializingappApplication in 6.198 seconds (process running for 7.028)
2024-04-08T16:14:59.540+03:00  INFO 17080 --- [socializingapp] [http-nio-8080-exec-1] o.a.c.c.C.[Tomcat].[localhost].[/]       : Initializing Spring DispatcherServlet 'dispatcherServlet'
2024-04-08T16:14:59.540+03:00  INFO 17080 --- [socializingapp] [http-nio-8080-exec-1] o.s.web.servlet.DispatcherServlet        : Initializing Servlet 'dispatcherServlet'
2024-04-08T16:14:59.541+03:00  INFO 17080 --- [socializingapp] [http-nio-8080-exec-1] o.s.web.servlet.DispatcherServlet        : Completed initialization in 1 ms
2024-04-08T16:15:04.210+03:00  INFO 17080 --- [socializingapp] [http-nio-8080-exec-7] c.e.s.security.UserDetailsServiceImpl    : Attempted sign in operation for username: test
2024-04-08T16:15:20.510+03:00  INFO 17080 --- [socializingapp] [http-nio-8080-exec-10] c.e.s.security.UserDetailsServiceImpl    : Attempted sign in operation for username: test2
2024-04-08T16:22:33.380+03:00  INFO 17080 --- [socializingapp] [SpringApplicationShutdownHook] j.LocalContainerEntityManagerFactoryBean : Closing JPA EntityManagerFactory for persistence unit 'default'
2024-04-08T16:22:33.383+03:00  INFO 17080 --- [socializingapp] [SpringApplicationShutdownHook] com.zaxxer.hikari.HikariDataSource       : HikariPool-1 - Shutdown initiated...
2024-04-08T16:22:33.390+03:00  INFO 17080 --- [socializingapp] [SpringApplicationShutdownHook] com.zaxxer.hikari.HikariDataSource       : HikariPool-1 - Shutdown completed.
2024-04-08T16:22:35.804+03:00  INFO 13244 --- [socializingapp] [main] c.e.s.SocializingappApplication          : Starting SocializingappApplication using Java 22 with PID 13244 (D:\Facultate info\Master IS\An 1\sem 2\Aplicatii web pentru baze de date\socializingapp\target\classes started by mihai in D:\Facultate info\Master IS\An 1\sem 2\Aplicatii web pentru baze de date\socializingapp)
2024-04-08T16:22:35.806+03:00  INFO 13244 --- [socializingapp] [main] c.e.s.SocializingappApplication          : The following 1 profile is active: "mysql"
2024-04-08T16:22:36.496+03:00  INFO 13244 --- [socializingapp] [main] .s.d.r.c.RepositoryConfigurationDelegate : Bootstrapping Spring Data JPA repositories in DEFAULT mode.
2024-04-08T16:22:36.562+03:00  INFO 13244 --- [socializingapp] [main] .s.d.r.c.RepositoryConfigurationDelegate : Finished Spring Data repository scanning in 59 ms. Found 6 JPA repository interfaces.
2024-04-08T16:22:37.104+03:00  INFO 13244 --- [socializingapp] [main] o.s.b.w.embedded.tomcat.TomcatWebServer  : Tomcat initialized with port 8080 (http)
2024-04-08T16:22:37.116+03:00  INFO 13244 --- [socializingapp] [main] o.apache.catalina.core.StandardService   : Starting service [Tomcat]
2024-04-08T16:22:37.116+03:00  INFO 13244 --- [socializingapp] [main] o.apache.catalina.core.StandardEngine    : Starting Servlet engine: [Apache Tomcat/10.1.19]
2024-04-08T16:22:37.170+03:00  INFO 13244 --- [socializingapp] [main] o.a.c.c.C.[Tomcat].[localhost].[/]       : Initializing Spring embedded WebApplicationContext
2024-04-08T16:22:37.171+03:00  INFO 13244 --- [socializingapp] [main] w.s.c.ServletWebServerApplicationContext : Root WebApplicationContext: initialization completed in 1316 ms
2024-04-08T16:22:37.317+03:00  INFO 13244 --- [socializingapp] [main] o.hibernate.jpa.internal.util.LogHelper  : HHH000204: Processing PersistenceUnitInfo [name: default]
2024-04-08T16:22:37.392+03:00  INFO 13244 --- [socializingapp] [main] org.hibernate.Version                    : HHH000412: Hibernate ORM core version 6.4.4.Final
2024-04-08T16:22:37.426+03:00  INFO 13244 --- [socializingapp] [main] o.h.c.internal.RegionFactoryInitiator    : HHH000026: Second-level cache disabled
2024-04-08T16:22:37.657+03:00  INFO 13244 --- [socializingapp] [main] o.s.o.j.p.SpringPersistenceUnitInfo      : No LoadTimeWeaver setup: ignoring JPA class transformer
2024-04-08T16:22:37.685+03:00  INFO 13244 --- [socializingapp] [main] com.zaxxer.hikari.HikariDataSource       : HikariPool-1 - Starting...
2024-04-08T16:22:38.035+03:00  INFO 13244 --- [socializingapp] [main] com.zaxxer.hikari.pool.HikariPool        : HikariPool-1 - Added connection com.mysql.cj.jdbc.ConnectionImpl@687b0ddc
2024-04-08T16:22:38.037+03:00  INFO 13244 --- [socializingapp] [main] com.zaxxer.hikari.HikariDataSource       : HikariPool-1 - Start completed.
2024-04-08T16:22:39.104+03:00  INFO 13244 --- [socializingapp] [main] o.h.e.t.j.p.i.JtaPlatformInitiator       : HHH000489: No JTA platform available (set 'hibernate.transaction.jta.platform' to enable JTA platform integration)
2024-04-08T16:22:39.147+03:00  INFO 13244 --- [socializingapp] [main] j.LocalContainerEntityManagerFactoryBean : Initialized JPA EntityManagerFactory for persistence unit 'default'
2024-04-08T16:22:39.387+03:00  INFO 13244 --- [socializingapp] [main] o.s.d.j.r.query.QueryEnhancerFactory     : Hibernate is in classpath; If applicable, HQL parser will be used.
2024-04-08T16:22:40.082+03:00  WARN 13244 --- [socializingapp] [main] JpaBaseConfiguration$JpaWebConfiguration : spring.jpa.open-in-view is enabled by default. Therefore, database queries may be performed during view rendering. Explicitly configure spring.jpa.open-in-view to disable this warning
2024-04-08T16:22:40.408+03:00  INFO 13244 --- [socializingapp] [main] o.s.s.web.DefaultSecurityFilterChain     : Will secure any request with [org.springframework.security.web.session.DisableEncodeUrlFilter@5d9cd8b7, org.springframework.security.web.context.request.async.WebAsyncManagerIntegrationFilter@55a869a9, org.springframework.security.web.context.SecurityContextHolderFilter@6b37cadf, org.springframework.security.web.header.HeaderWriterFilter@6d55448c, org.springframework.web.filter.CorsFilter@2d739a6f, org.springframework.security.web.authentication.logout.LogoutFilter@3a5f0ed5, org.springframework.security.web.authentication.UsernamePasswordAuthenticationFilter@66cdde2b, org.springframework.security.web.savedrequest.RequestCacheAwareFilter@267d9256, org.springframework.security.web.servletapi.SecurityContextHolderAwareRequestFilter@6cb6a38c, org.springframework.security.web.authentication.AnonymousAuthenticationFilter@c93275f, org.springframework.security.web.access.ExceptionTranslationFilter@477b8d7d, org.springframework.security.web.access.intercept.AuthorizationFilter@11a3ffe6]
2024-04-08T16:22:40.658+03:00  INFO 13244 --- [socializingapp] [main] o.s.b.w.embedded.tomcat.TomcatWebServer  : Tomcat started on port 8080 (http) with context path ''
2024-04-08T16:22:40.666+03:00  INFO 13244 --- [socializingapp] [main] c.e.s.SocializingappApplication          : Started SocializingappApplication in 5.257 seconds (process running for 5.997)
2024-04-08T16:22:40.817+03:00  INFO 13244 --- [socializingapp] [http-nio-8080-exec-1] o.a.c.c.C.[Tomcat].[localhost].[/]       : Initializing Spring DispatcherServlet 'dispatcherServlet'
2024-04-08T16:22:40.818+03:00  INFO 13244 --- [socializingapp] [http-nio-8080-exec-1] o.s.web.servlet.DispatcherServlet        : Initializing Servlet 'dispatcherServlet'
2024-04-08T16:22:40.819+03:00  INFO 13244 --- [socializingapp] [http-nio-8080-exec-1] o.s.web.servlet.DispatcherServlet        : Completed initialization in 1 ms
2024-04-08T16:22:49.445+03:00  INFO 13244 --- [socializingapp] [http-nio-8080-exec-3] c.e.s.security.UserDetailsServiceImpl    : Attempted sign in operation for username: test
2024-04-08T16:23:03.375+03:00  INFO 13244 --- [socializingapp] [http-nio-8080-exec-6] c.e.s.security.UserDetailsServiceImpl    : Attempted sign in operation for username: test2
2024-04-08T16:28:30.989+03:00  INFO 13244 --- [socializingapp] [SpringApplicationShutdownHook] j.LocalContainerEntityManagerFactoryBean : Closing JPA EntityManagerFactory for persistence unit 'default'
2024-04-08T16:28:30.991+03:00  INFO 13244 --- [socializingapp] [SpringApplicationShutdownHook] com.zaxxer.hikari.HikariDataSource       : HikariPool-1 - Shutdown initiated...
2024-04-08T16:28:30.997+03:00  INFO 13244 --- [socializingapp] [SpringApplicationShutdownHook] com.zaxxer.hikari.HikariDataSource       : HikariPool-1 - Shutdown completed.
2024-04-08T16:28:33.199+03:00  INFO 1316 --- [socializingapp] [main] c.e.s.SocializingappApplication          : Starting SocializingappApplication using Java 22 with PID 1316 (D:\Facultate info\Master IS\An 1\sem 2\Aplicatii web pentru baze de date\socializingapp\target\classes started by mihai in D:\Facultate info\Master IS\An 1\sem 2\Aplicatii web pentru baze de date\socializingapp)
2024-04-08T16:28:33.201+03:00  INFO 1316 --- [socializingapp] [main] c.e.s.SocializingappApplication          : The following 1 profile is active: "mysql"
2024-04-08T16:28:33.873+03:00  INFO 1316 --- [socializingapp] [main] .s.d.r.c.RepositoryConfigurationDelegate : Bootstrapping Spring Data JPA repositories in DEFAULT mode.
2024-04-08T16:28:33.941+03:00  INFO 1316 --- [socializingapp] [main] .s.d.r.c.RepositoryConfigurationDelegate : Finished Spring Data repository scanning in 61 ms. Found 6 JPA repository interfaces.
2024-04-08T16:28:34.451+03:00  INFO 1316 --- [socializingapp] [main] o.s.b.w.embedded.tomcat.TomcatWebServer  : Tomcat initialized with port 8080 (http)
2024-04-08T16:28:34.461+03:00  INFO 1316 --- [socializingapp] [main] o.apache.catalina.core.StandardService   : Starting service [Tomcat]
2024-04-08T16:28:34.462+03:00  INFO 1316 --- [socializingapp] [main] o.apache.catalina.core.StandardEngine    : Starting Servlet engine: [Apache Tomcat/10.1.19]
2024-04-08T16:28:34.516+03:00  INFO 1316 --- [socializingapp] [main] o.a.c.c.C.[Tomcat].[localhost].[/]       : Initializing Spring embedded WebApplicationContext
2024-04-08T16:28:34.517+03:00  INFO 1316 --- [socializingapp] [main] w.s.c.ServletWebServerApplicationContext : Root WebApplicationContext: initialization completed in 1273 ms
2024-04-08T16:28:34.644+03:00  INFO 1316 --- [socializingapp] [main] o.hibernate.jpa.internal.util.LogHelper  : HHH000204: Processing PersistenceUnitInfo [name: default]
2024-04-08T16:28:34.691+03:00  INFO 1316 --- [socializingapp] [main] org.hibernate.Version                    : HHH000412: Hibernate ORM core version 6.4.4.Final
2024-04-08T16:28:34.720+03:00  INFO 1316 --- [socializingapp] [main] o.h.c.internal.RegionFactoryInitiator    : HHH000026: Second-level cache disabled
2024-04-08T16:28:34.908+03:00  INFO 1316 --- [socializingapp] [main] o.s.o.j.p.SpringPersistenceUnitInfo      : No LoadTimeWeaver setup: ignoring JPA class transformer
2024-04-08T16:28:34.930+03:00  INFO 1316 --- [socializingapp] [main] com.zaxxer.hikari.HikariDataSource       : HikariPool-1 - Starting...
2024-04-08T16:28:35.198+03:00  INFO 1316 --- [socializingapp] [main] com.zaxxer.hikari.pool.HikariPool        : HikariPool-1 - Added connection com.mysql.cj.jdbc.ConnectionImpl@78bad03b
2024-04-08T16:28:35.200+03:00  INFO 1316 --- [socializingapp] [main] com.zaxxer.hikari.HikariDataSource       : HikariPool-1 - Start completed.
2024-04-08T16:28:36.146+03:00  INFO 1316 --- [socializingapp] [main] o.h.e.t.j.p.i.JtaPlatformInitiator       : HHH000489: No JTA platform available (set 'hibernate.transaction.jta.platform' to enable JTA platform integration)
2024-04-08T16:28:36.191+03:00  INFO 1316 --- [socializingapp] [main] j.LocalContainerEntityManagerFactoryBean : Initialized JPA EntityManagerFactory for persistence unit 'default'
2024-04-08T16:28:36.416+03:00  INFO 1316 --- [socializingapp] [main] o.s.d.j.r.query.QueryEnhancerFactory     : Hibernate is in classpath; If applicable, HQL parser will be used.
2024-04-08T16:28:37.083+03:00  WARN 1316 --- [socializingapp] [main] JpaBaseConfiguration$JpaWebConfiguration : spring.jpa.open-in-view is enabled by default. Therefore, database queries may be performed during view rendering. Explicitly configure spring.jpa.open-in-view to disable this warning
2024-04-08T16:28:37.330+03:00  INFO 1316 --- [socializingapp] [main] o.s.s.web.DefaultSecurityFilterChain     : Will secure any request with [org.springframework.security.web.session.DisableEncodeUrlFilter@f7dc1aa, org.springframework.security.web.context.request.async.WebAsyncManagerIntegrationFilter@6d487f2b, org.springframework.security.web.context.SecurityContextHolderFilter@64db8a3, org.springframework.security.web.header.HeaderWriterFilter@48c372db, org.springframework.web.filter.CorsFilter@2f23fdf1, org.springframework.security.web.authentication.logout.LogoutFilter@40957c86, org.springframework.security.web.authentication.UsernamePasswordAuthenticationFilter@5c97c816, org.springframework.security.web.savedrequest.RequestCacheAwareFilter@3bf8feec, org.springframework.security.web.servletapi.SecurityContextHolderAwareRequestFilter@486e3116, org.springframework.security.web.authentication.AnonymousAuthenticationFilter@1d546842, org.springframework.security.web.access.ExceptionTranslationFilter@3c403b36, org.springframework.security.web.access.intercept.AuthorizationFilter@5ec5a449]
2024-04-08T16:28:37.572+03:00  INFO 1316 --- [socializingapp] [main] o.s.b.w.embedded.tomcat.TomcatWebServer  : Tomcat started on port 8080 (http) with context path ''
2024-04-08T16:28:37.580+03:00  INFO 1316 --- [socializingapp] [main] c.e.s.SocializingappApplication          : Started SocializingappApplication in 4.759 seconds (process running for 5.386)
2024-04-08T16:28:45.482+03:00  INFO 1316 --- [socializingapp] [http-nio-8080-exec-1] o.a.c.c.C.[Tomcat].[localhost].[/]       : Initializing Spring DispatcherServlet 'dispatcherServlet'
2024-04-08T16:28:45.483+03:00  INFO 1316 --- [socializingapp] [http-nio-8080-exec-1] o.s.web.servlet.DispatcherServlet        : Initializing Servlet 'dispatcherServlet'
2024-04-08T16:28:45.484+03:00  INFO 1316 --- [socializingapp] [http-nio-8080-exec-1] o.s.web.servlet.DispatcherServlet        : Completed initialization in 1 ms
2024-04-08T16:28:49.868+03:00  INFO 1316 --- [socializingapp] [http-nio-8080-exec-8] c.e.s.security.UserDetailsServiceImpl    : Attempted sign in operation for username: test
2024-04-08T16:29:01.192+03:00  INFO 1316 --- [socializingapp] [http-nio-8080-exec-8] c.e.s.security.UserDetailsServiceImpl    : Attempted sign in operation for username: test2
2024-04-08T16:30:31.805+03:00  INFO 1316 --- [socializingapp] [SpringApplicationShutdownHook] j.LocalContainerEntityManagerFactoryBean : Closing JPA EntityManagerFactory for persistence unit 'default'
2024-04-08T16:30:31.807+03:00  INFO 1316 --- [socializingapp] [SpringApplicationShutdownHook] com.zaxxer.hikari.HikariDataSource       : HikariPool-1 - Shutdown initiated...
2024-04-08T16:30:31.814+03:00  INFO 1316 --- [socializingapp] [SpringApplicationShutdownHook] com.zaxxer.hikari.HikariDataSource       : HikariPool-1 - Shutdown completed.
2024-04-08T16:30:34.064+03:00  INFO 8364 --- [socializingapp] [main] c.e.s.SocializingappApplication          : Starting SocializingappApplication using Java 22 with PID 8364 (D:\Facultate info\Master IS\An 1\sem 2\Aplicatii web pentru baze de date\socializingapp\target\classes started by mihai in D:\Facultate info\Master IS\An 1\sem 2\Aplicatii web pentru baze de date\socializingapp)
2024-04-08T16:30:34.066+03:00  INFO 8364 --- [socializingapp] [main] c.e.s.SocializingappApplication          : The following 1 profile is active: "mysql"
2024-04-08T16:30:34.754+03:00  INFO 8364 --- [socializingapp] [main] .s.d.r.c.RepositoryConfigurationDelegate : Bootstrapping Spring Data JPA repositories in DEFAULT mode.
2024-04-08T16:30:34.818+03:00  INFO 8364 --- [socializingapp] [main] .s.d.r.c.RepositoryConfigurationDelegate : Finished Spring Data repository scanning in 58 ms. Found 6 JPA repository interfaces.
2024-04-08T16:30:35.322+03:00  INFO 8364 --- [socializingapp] [main] o.s.b.w.embedded.tomcat.TomcatWebServer  : Tomcat initialized with port 8080 (http)
2024-04-08T16:30:35.332+03:00  INFO 8364 --- [socializingapp] [main] o.apache.catalina.core.StandardService   : Starting service [Tomcat]
2024-04-08T16:30:35.333+03:00  INFO 8364 --- [socializingapp] [main] o.apache.catalina.core.StandardEngine    : Starting Servlet engine: [Apache Tomcat/10.1.19]
2024-04-08T16:30:35.388+03:00  INFO 8364 --- [socializingapp] [main] o.a.c.c.C.[Tomcat].[localhost].[/]       : Initializing Spring embedded WebApplicationContext
2024-04-08T16:30:35.388+03:00  INFO 8364 --- [socializingapp] [main] w.s.c.ServletWebServerApplicationContext : Root WebApplicationContext: initialization completed in 1282 ms
2024-04-08T16:30:35.511+03:00  INFO 8364 --- [socializingapp] [main] o.hibernate.jpa.internal.util.LogHelper  : HHH000204: Processing PersistenceUnitInfo [name: default]
2024-04-08T16:30:35.557+03:00  INFO 8364 --- [socializingapp] [main] org.hibernate.Version                    : HHH000412: Hibernate ORM core version 6.4.4.Final
2024-04-08T16:30:35.585+03:00  INFO 8364 --- [socializingapp] [main] o.h.c.internal.RegionFactoryInitiator    : HHH000026: Second-level cache disabled
2024-04-08T16:30:35.767+03:00  INFO 8364 --- [socializingapp] [main] o.s.o.j.p.SpringPersistenceUnitInfo      : No LoadTimeWeaver setup: ignoring JPA class transformer
2024-04-08T16:30:35.789+03:00  INFO 8364 --- [socializingapp] [main] com.zaxxer.hikari.HikariDataSource       : HikariPool-1 - Starting...
2024-04-08T16:30:36.054+03:00  INFO 8364 --- [socializingapp] [main] com.zaxxer.hikari.pool.HikariPool        : HikariPool-1 - Added connection com.mysql.cj.jdbc.ConnectionImpl@44976b08
2024-04-08T16:30:36.055+03:00  INFO 8364 --- [socializingapp] [main] com.zaxxer.hikari.HikariDataSource       : HikariPool-1 - Start completed.
2024-04-08T16:30:36.995+03:00  INFO 8364 --- [socializingapp] [main] o.h.e.t.j.p.i.JtaPlatformInitiator       : HHH000489: No JTA platform available (set 'hibernate.transaction.jta.platform' to enable JTA platform integration)
2024-04-08T16:30:37.042+03:00  INFO 8364 --- [socializingapp] [main] j.LocalContainerEntityManagerFactoryBean : Initialized JPA EntityManagerFactory for persistence unit 'default'
2024-04-08T16:30:37.270+03:00  INFO 8364 --- [socializingapp] [main] o.s.d.j.r.query.QueryEnhancerFactory     : Hibernate is in classpath; If applicable, HQL parser will be used.
2024-04-08T16:30:37.941+03:00  WARN 8364 --- [socializingapp] [main] JpaBaseConfiguration$JpaWebConfiguration : spring.jpa.open-in-view is enabled by default. Therefore, database queries may be performed during view rendering. Explicitly configure spring.jpa.open-in-view to disable this warning
2024-04-08T16:30:38.209+03:00  INFO 8364 --- [socializingapp] [main] o.s.s.web.DefaultSecurityFilterChain     : Will secure any request with [org.springframework.security.web.session.DisableEncodeUrlFilter@5ec5a449, org.springframework.security.web.context.request.async.WebAsyncManagerIntegrationFilter@5c97c816, org.springframework.security.web.context.SecurityContextHolderFilter@4d6c42e, org.springframework.security.web.header.HeaderWriterFilter@6325ef80, org.springframework.web.filter.CorsFilter@3a5f0ed5, org.springframework.security.web.authentication.logout.LogoutFilter@53963f8e, org.springframework.security.web.authentication.UsernamePasswordAuthenticationFilter@4fe9a720, org.springframework.security.web.savedrequest.RequestCacheAwareFilter@9acee30, org.springframework.security.web.servletapi.SecurityContextHolderAwareRequestFilter@3408fdb8, org.springframework.security.web.authentication.AnonymousAuthenticationFilter@7c69c582, org.springframework.security.web.access.ExceptionTranslationFilter@2b7e2212, org.springframework.security.web.access.intercept.AuthorizationFilter@290798cb]
2024-04-08T16:30:38.572+03:00  INFO 8364 --- [socializingapp] [main] o.s.b.w.embedded.tomcat.TomcatWebServer  : Tomcat started on port 8080 (http) with context path ''
2024-04-08T16:30:38.579+03:00  INFO 8364 --- [socializingapp] [main] c.e.s.SocializingappApplication          : Started SocializingappApplication in 4.917 seconds (process running for 5.528)
2024-04-08T16:30:38.653+03:00  INFO 8364 --- [socializingapp] [http-nio-8080-exec-2] o.a.c.c.C.[Tomcat].[localhost].[/]       : Initializing Spring DispatcherServlet 'dispatcherServlet'
2024-04-08T16:30:38.653+03:00  INFO 8364 --- [socializingapp] [http-nio-8080-exec-2] o.s.web.servlet.DispatcherServlet        : Initializing Servlet 'dispatcherServlet'
2024-04-08T16:30:38.655+03:00  INFO 8364 --- [socializingapp] [http-nio-8080-exec-2] o.s.web.servlet.DispatcherServlet        : Completed initialization in 1 ms
2024-04-08T16:30:45.818+03:00  INFO 8364 --- [socializingapp] [http-nio-8080-exec-10] c.e.s.security.UserDetailsServiceImpl    : Attempted sign in operation for username: test
2024-04-08T16:30:58.697+03:00  INFO 8364 --- [socializingapp] [http-nio-8080-exec-3] c.e.s.security.UserDetailsServiceImpl    : Attempted sign in operation for username: test2
2024-04-08T16:33:41.938+03:00  INFO 8364 --- [socializingapp] [SpringApplicationShutdownHook] j.LocalContainerEntityManagerFactoryBean : Closing JPA EntityManagerFactory for persistence unit 'default'
2024-04-08T16:33:41.941+03:00  INFO 8364 --- [socializingapp] [SpringApplicationShutdownHook] com.zaxxer.hikari.HikariDataSource       : HikariPool-1 - Shutdown initiated...
2024-04-08T16:33:41.947+03:00  INFO 8364 --- [socializingapp] [SpringApplicationShutdownHook] com.zaxxer.hikari.HikariDataSource       : HikariPool-1 - Shutdown completed.
2024-04-08T16:33:44.961+03:00  INFO 14904 --- [socializingapp] [main] c.e.s.SocializingappApplication          : Starting SocializingappApplication using Java 22 with PID 14904 (D:\Facultate info\Master IS\An 1\sem 2\Aplicatii web pentru baze de date\socializingapp\target\classes started by mihai in D:\Facultate info\Master IS\An 1\sem 2\Aplicatii web pentru baze de date\socializingapp)
2024-04-08T16:33:44.966+03:00  INFO 14904 --- [socializingapp] [main] c.e.s.SocializingappApplication          : The following 1 profile is active: "mysql"
2024-04-08T16:33:46.014+03:00  INFO 14904 --- [socializingapp] [main] .s.d.r.c.RepositoryConfigurationDelegate : Bootstrapping Spring Data JPA repositories in DEFAULT mode.
2024-04-08T16:33:46.085+03:00  INFO 14904 --- [socializingapp] [main] .s.d.r.c.RepositoryConfigurationDelegate : Finished Spring Data repository scanning in 64 ms. Found 6 JPA repository interfaces.
2024-04-08T16:33:46.669+03:00  INFO 14904 --- [socializingapp] [main] o.s.b.w.embedded.tomcat.TomcatWebServer  : Tomcat initialized with port 8080 (http)
2024-04-08T16:33:46.680+03:00  INFO 14904 --- [socializingapp] [main] o.apache.catalina.core.StandardService   : Starting service [Tomcat]
2024-04-08T16:33:46.680+03:00  INFO 14904 --- [socializingapp] [main] o.apache.catalina.core.StandardEngine    : Starting Servlet engine: [Apache Tomcat/10.1.19]
2024-04-08T16:33:46.772+03:00  INFO 14904 --- [socializingapp] [main] o.a.c.c.C.[Tomcat].[localhost].[/]       : Initializing Spring embedded WebApplicationContext
2024-04-08T16:33:46.773+03:00  INFO 14904 --- [socializingapp] [main] w.s.c.ServletWebServerApplicationContext : Root WebApplicationContext: initialization completed in 1708 ms
2024-04-08T16:33:46.950+03:00  INFO 14904 --- [socializingapp] [main] o.hibernate.jpa.internal.util.LogHelper  : HHH000204: Processing PersistenceUnitInfo [name: default]
2024-04-08T16:33:47.010+03:00  INFO 14904 --- [socializingapp] [main] org.hibernate.Version                    : HHH000412: Hibernate ORM core version 6.4.4.Final
2024-04-08T16:33:47.039+03:00  INFO 14904 --- [socializingapp] [main] o.h.c.internal.RegionFactoryInitiator    : HHH000026: Second-level cache disabled
2024-04-08T16:33:47.232+03:00  INFO 14904 --- [socializingapp] [main] o.s.o.j.p.SpringPersistenceUnitInfo      : No LoadTimeWeaver setup: ignoring JPA class transformer
2024-04-08T16:33:47.263+03:00  INFO 14904 --- [socializingapp] [main] com.zaxxer.hikari.HikariDataSource       : HikariPool-1 - Starting...
2024-04-08T16:33:47.598+03:00  INFO 14904 --- [socializingapp] [main] com.zaxxer.hikari.pool.HikariPool        : HikariPool-1 - Added connection com.mysql.cj.jdbc.ConnectionImpl@359e27d2
2024-04-08T16:33:47.600+03:00  INFO 14904 --- [socializingapp] [main] com.zaxxer.hikari.HikariDataSource       : HikariPool-1 - Start completed.
2024-04-08T16:33:48.656+03:00  INFO 14904 --- [socializingapp] [main] o.h.e.t.j.p.i.JtaPlatformInitiator       : HHH000489: No JTA platform available (set 'hibernate.transaction.jta.platform' to enable JTA platform integration)
2024-04-08T16:33:48.696+03:00  INFO 14904 --- [socializingapp] [main] j.LocalContainerEntityManagerFactoryBean : Initialized JPA EntityManagerFactory for persistence unit 'default'
2024-04-08T16:33:48.920+03:00  INFO 14904 --- [socializingapp] [main] o.s.d.j.r.query.QueryEnhancerFactory     : Hibernate is in classpath; If applicable, HQL parser will be used.
2024-04-08T16:33:49.658+03:00  WARN 14904 --- [socializingapp] [main] JpaBaseConfiguration$JpaWebConfiguration : spring.jpa.open-in-view is enabled by default. Therefore, database queries may be performed during view rendering. Explicitly configure spring.jpa.open-in-view to disable this warning
2024-04-08T16:33:49.912+03:00  INFO 14904 --- [socializingapp] [main] o.s.s.web.DefaultSecurityFilterChain     : Will secure any request with [org.springframework.security.web.session.DisableEncodeUrlFilter@2142754a, org.springframework.security.web.context.request.async.WebAsyncManagerIntegrationFilter@2c3344f0, org.springframework.security.web.context.SecurityContextHolderFilter@1f334ce0, org.springframework.security.web.header.HeaderWriterFilter@7cd91400, org.springframework.web.filter.CorsFilter@290798cb, org.springframework.security.web.authentication.logout.LogoutFilter@6b37cadf, org.springframework.security.web.authentication.UsernamePasswordAuthenticationFilter@1d7201cb, org.springframework.security.web.savedrequest.RequestCacheAwareFilter@7b9866c6, org.springframework.security.web.servletapi.SecurityContextHolderAwareRequestFilter@6325ef80, org.springframework.security.web.authentication.AnonymousAuthenticationFilter@4fe9a720, org.springframework.security.web.access.ExceptionTranslationFilter@1e8b3a8, org.springframework.security.web.access.intercept.AuthorizationFilter@54898111]
2024-04-08T16:33:50.159+03:00  INFO 14904 --- [socializingapp] [main] o.s.b.w.embedded.tomcat.TomcatWebServer  : Tomcat started on port 8080 (http) with context path ''
2024-04-08T16:33:50.166+03:00  INFO 14904 --- [socializingapp] [main] c.e.s.SocializingappApplication          : Started SocializingappApplication in 5.955 seconds (process running for 6.834)
2024-04-08T16:33:50.209+03:00  INFO 14904 --- [socializingapp] [http-nio-8080-exec-2] o.a.c.c.C.[Tomcat].[localhost].[/]       : Initializing Spring DispatcherServlet 'dispatcherServlet'
2024-04-08T16:33:50.209+03:00  INFO 14904 --- [socializingapp] [http-nio-8080-exec-2] o.s.web.servlet.DispatcherServlet        : Initializing Servlet 'dispatcherServlet'
2024-04-08T16:33:50.210+03:00  INFO 14904 --- [socializingapp] [http-nio-8080-exec-2] o.s.web.servlet.DispatcherServlet        : Completed initialization in 1 ms
2024-04-08T16:34:00.133+03:00  INFO 14904 --- [socializingapp] [http-nio-8080-exec-3] c.e.s.security.UserDetailsServiceImpl    : Attempted sign in operation for username: test
2024-04-08T16:34:25.137+03:00  INFO 14904 --- [socializingapp] [http-nio-8080-exec-6] c.e.s.security.UserDetailsServiceImpl    : Attempted sign in operation for username: test2
2024-04-08T16:35:42.112+03:00  INFO 14904 --- [socializingapp] [SpringApplicationShutdownHook] j.LocalContainerEntityManagerFactoryBean : Closing JPA EntityManagerFactory for persistence unit 'default'
2024-04-08T16:35:42.115+03:00  INFO 14904 --- [socializingapp] [SpringApplicationShutdownHook] com.zaxxer.hikari.HikariDataSource       : HikariPool-1 - Shutdown initiated...
2024-04-08T16:35:42.122+03:00  INFO 14904 --- [socializingapp] [SpringApplicationShutdownHook] com.zaxxer.hikari.HikariDataSource       : HikariPool-1 - Shutdown completed.
2024-04-08T16:35:44.653+03:00  INFO 4660 --- [socializingapp] [main] c.e.s.SocializingappApplication          : Starting SocializingappApplication using Java 22 with PID 4660 (D:\Facultate info\Master IS\An 1\sem 2\Aplicatii web pentru baze de date\socializingapp\target\classes started by mihai in D:\Facultate info\Master IS\An 1\sem 2\Aplicatii web pentru baze de date\socializingapp)
2024-04-08T16:35:44.655+03:00  INFO 4660 --- [socializingapp] [main] c.e.s.SocializingappApplication          : The following 1 profile is active: "mysql"
2024-04-08T16:35:45.337+03:00  INFO 4660 --- [socializingapp] [main] .s.d.r.c.RepositoryConfigurationDelegate : Bootstrapping Spring Data JPA repositories in DEFAULT mode.
2024-04-08T16:35:45.403+03:00  INFO 4660 --- [socializingapp] [main] .s.d.r.c.RepositoryConfigurationDelegate : Finished Spring Data repository scanning in 59 ms. Found 6 JPA repository interfaces.
2024-04-08T16:35:45.944+03:00  INFO 4660 --- [socializingapp] [main] o.s.b.w.embedded.tomcat.TomcatWebServer  : Tomcat initialized with port 8080 (http)
2024-04-08T16:35:45.962+03:00  INFO 4660 --- [socializingapp] [main] o.apache.catalina.core.StandardService   : Starting service [Tomcat]
2024-04-08T16:35:45.962+03:00  INFO 4660 --- [socializingapp] [main] o.apache.catalina.core.StandardEngine    : Starting Servlet engine: [Apache Tomcat/10.1.19]
2024-04-08T16:35:46.042+03:00  INFO 4660 --- [socializingapp] [main] o.a.c.c.C.[Tomcat].[localhost].[/]       : Initializing Spring embedded WebApplicationContext
2024-04-08T16:35:46.043+03:00  INFO 4660 --- [socializingapp] [main] w.s.c.ServletWebServerApplicationContext : Root WebApplicationContext: initialization completed in 1347 ms
2024-04-08T16:35:46.201+03:00  INFO 4660 --- [socializingapp] [main] o.hibernate.jpa.internal.util.LogHelper  : HHH000204: Processing PersistenceUnitInfo [name: default]
2024-04-08T16:35:46.266+03:00  INFO 4660 --- [socializingapp] [main] org.hibernate.Version                    : HHH000412: Hibernate ORM core version 6.4.4.Final
2024-04-08T16:35:46.300+03:00  INFO 4660 --- [socializingapp] [main] o.h.c.internal.RegionFactoryInitiator    : HHH000026: Second-level cache disabled
2024-04-08T16:35:46.527+03:00  INFO 4660 --- [socializingapp] [main] o.s.o.j.p.SpringPersistenceUnitInfo      : No LoadTimeWeaver setup: ignoring JPA class transformer
2024-04-08T16:35:46.556+03:00  INFO 4660 --- [socializingapp] [main] com.zaxxer.hikari.HikariDataSource       : HikariPool-1 - Starting...
2024-04-08T16:35:46.901+03:00  INFO 4660 --- [socializingapp] [main] com.zaxxer.hikari.pool.HikariPool        : HikariPool-1 - Added connection com.mysql.cj.jdbc.ConnectionImpl@214fba74
2024-04-08T16:35:46.902+03:00  INFO 4660 --- [socializingapp] [main] com.zaxxer.hikari.HikariDataSource       : HikariPool-1 - Start completed.
2024-04-08T16:35:47.952+03:00  INFO 4660 --- [socializingapp] [main] o.h.e.t.j.p.i.JtaPlatformInitiator       : HHH000489: No JTA platform available (set 'hibernate.transaction.jta.platform' to enable JTA platform integration)
2024-04-08T16:35:47.992+03:00  INFO 4660 --- [socializingapp] [main] j.LocalContainerEntityManagerFactoryBean : Initialized JPA EntityManagerFactory for persistence unit 'default'
2024-04-08T16:35:48.220+03:00  INFO 4660 --- [socializingapp] [main] o.s.d.j.r.query.QueryEnhancerFactory     : Hibernate is in classpath; If applicable, HQL parser will be used.
2024-04-08T16:35:48.906+03:00  WARN 4660 --- [socializingapp] [main] JpaBaseConfiguration$JpaWebConfiguration : spring.jpa.open-in-view is enabled by default. Therefore, database queries may be performed during view rendering. Explicitly configure spring.jpa.open-in-view to disable this warning
2024-04-08T16:35:49.160+03:00  INFO 4660 --- [socializingapp] [main] o.s.s.web.DefaultSecurityFilterChain     : Will secure any request with [org.springframework.security.web.session.DisableEncodeUrlFilter@4fe9a720, org.springframework.security.web.context.request.async.WebAsyncManagerIntegrationFilter@7db373b2, org.springframework.security.web.context.SecurityContextHolderFilter@6325ef80, org.springframework.security.web.header.HeaderWriterFilter@1f334ce0, org.springframework.web.filter.CorsFilter@4b91ac30, org.springframework.security.web.authentication.logout.LogoutFilter@6cb6a38c, org.springframework.security.web.authentication.UsernamePasswordAuthenticationFilter@2142754a, org.springframework.security.web.savedrequest.RequestCacheAwareFilter@3c403b36, org.springframework.security.web.servletapi.SecurityContextHolderAwareRequestFilter@4d6c42e, org.springframework.security.web.authentication.AnonymousAuthenticationFilter@5ec5a449, org.springframework.security.web.access.ExceptionTranslationFilter@108817cc, org.springframework.security.web.access.intercept.AuthorizationFilter@39dbea69]
2024-04-08T16:35:49.401+03:00  INFO 4660 --- [socializingapp] [main] o.s.b.w.embedded.tomcat.TomcatWebServer  : Tomcat started on port 8080 (http) with context path ''
2024-04-08T16:35:49.408+03:00  INFO 4660 --- [socializingapp] [main] c.e.s.SocializingappApplication          : Started SocializingappApplication in 5.162 seconds (process running for 5.97)
2024-04-08T16:35:54.198+03:00  INFO 4660 --- [socializingapp] [http-nio-8080-exec-1] o.a.c.c.C.[Tomcat].[localhost].[/]       : Initializing Spring DispatcherServlet 'dispatcherServlet'
2024-04-08T16:35:54.199+03:00  INFO 4660 --- [socializingapp] [http-nio-8080-exec-1] o.s.web.servlet.DispatcherServlet        : Initializing Servlet 'dispatcherServlet'
2024-04-08T16:35:54.200+03:00  INFO 4660 --- [socializingapp] [http-nio-8080-exec-1] o.s.web.servlet.DispatcherServlet        : Completed initialization in 1 ms
2024-04-08T16:36:03.518+03:00  INFO 4660 --- [socializingapp] [http-nio-8080-exec-1] c.e.s.security.UserDetailsServiceImpl    : Attempted sign in operation for username: test
2024-04-08T16:36:16.720+03:00  INFO 4660 --- [socializingapp] [http-nio-8080-exec-2] c.e.s.security.UserDetailsServiceImpl    : Attempted sign in operation for username: test2
2024-04-08T16:40:46.562+03:00  INFO 4660 --- [socializingapp] [SpringApplicationShutdownHook] j.LocalContainerEntityManagerFactoryBean : Closing JPA EntityManagerFactory for persistence unit 'default'
2024-04-08T16:40:46.564+03:00  INFO 4660 --- [socializingapp] [SpringApplicationShutdownHook] com.zaxxer.hikari.HikariDataSource       : HikariPool-1 - Shutdown initiated...
2024-04-08T16:40:46.570+03:00  INFO 4660 --- [socializingapp] [SpringApplicationShutdownHook] com.zaxxer.hikari.HikariDataSource       : HikariPool-1 - Shutdown completed.
2024-04-08T16:40:48.722+03:00  INFO 16264 --- [socializingapp] [main] c.e.s.SocializingappApplication          : Starting SocializingappApplication using Java 22 with PID 16264 (D:\Facultate info\Master IS\An 1\sem 2\Aplicatii web pentru baze de date\socializingapp\target\classes started by mihai in D:\Facultate info\Master IS\An 1\sem 2\Aplicatii web pentru baze de date\socializingapp)
2024-04-08T16:40:48.724+03:00  INFO 16264 --- [socializingapp] [main] c.e.s.SocializingappApplication          : The following 1 profile is active: "mysql"
2024-04-08T16:40:49.379+03:00  INFO 16264 --- [socializingapp] [main] .s.d.r.c.RepositoryConfigurationDelegate : Bootstrapping Spring Data JPA repositories in DEFAULT mode.
2024-04-08T16:40:49.444+03:00  INFO 16264 --- [socializingapp] [main] .s.d.r.c.RepositoryConfigurationDelegate : Finished Spring Data repository scanning in 58 ms. Found 6 JPA repository interfaces.
2024-04-08T16:40:49.931+03:00  INFO 16264 --- [socializingapp] [main] o.s.b.w.embedded.tomcat.TomcatWebServer  : Tomcat initialized with port 8080 (http)
2024-04-08T16:40:49.941+03:00  INFO 16264 --- [socializingapp] [main] o.apache.catalina.core.StandardService   : Starting service [Tomcat]
2024-04-08T16:40:49.941+03:00  INFO 16264 --- [socializingapp] [main] o.apache.catalina.core.StandardEngine    : Starting Servlet engine: [Apache Tomcat/10.1.19]
2024-04-08T16:40:49.995+03:00  INFO 16264 --- [socializingapp] [main] o.a.c.c.C.[Tomcat].[localhost].[/]       : Initializing Spring embedded WebApplicationContext
2024-04-08T16:40:49.995+03:00  INFO 16264 --- [socializingapp] [main] w.s.c.ServletWebServerApplicationContext : Root WebApplicationContext: initialization completed in 1226 ms
2024-04-08T16:40:50.125+03:00  INFO 16264 --- [socializingapp] [main] o.hibernate.jpa.internal.util.LogHelper  : HHH000204: Processing PersistenceUnitInfo [name: default]
2024-04-08T16:40:50.167+03:00  INFO 16264 --- [socializingapp] [main] org.hibernate.Version                    : HHH000412: Hibernate ORM core version 6.4.4.Final
2024-04-08T16:40:50.193+03:00  INFO 16264 --- [socializingapp] [main] o.h.c.internal.RegionFactoryInitiator    : HHH000026: Second-level cache disabled
2024-04-08T16:40:50.375+03:00  INFO 16264 --- [socializingapp] [main] o.s.o.j.p.SpringPersistenceUnitInfo      : No LoadTimeWeaver setup: ignoring JPA class transformer
2024-04-08T16:40:50.396+03:00  INFO 16264 --- [socializingapp] [main] com.zaxxer.hikari.HikariDataSource       : HikariPool-1 - Starting...
2024-04-08T16:40:50.657+03:00  INFO 16264 --- [socializingapp] [main] com.zaxxer.hikari.pool.HikariPool        : HikariPool-1 - Added connection com.mysql.cj.jdbc.ConnectionImpl@9f1ca74
2024-04-08T16:40:50.658+03:00  INFO 16264 --- [socializingapp] [main] com.zaxxer.hikari.HikariDataSource       : HikariPool-1 - Start completed.
2024-04-08T16:40:51.578+03:00  INFO 16264 --- [socializingapp] [main] o.h.e.t.j.p.i.JtaPlatformInitiator       : HHH000489: No JTA platform available (set 'hibernate.transaction.jta.platform' to enable JTA platform integration)
2024-04-08T16:40:51.622+03:00  INFO 16264 --- [socializingapp] [main] j.LocalContainerEntityManagerFactoryBean : Initialized JPA EntityManagerFactory for persistence unit 'default'
2024-04-08T16:40:51.838+03:00  INFO 16264 --- [socializingapp] [main] o.s.d.j.r.query.QueryEnhancerFactory     : Hibernate is in classpath; If applicable, HQL parser will be used.
2024-04-08T16:40:52.499+03:00  WARN 16264 --- [socializingapp] [main] JpaBaseConfiguration$JpaWebConfiguration : spring.jpa.open-in-view is enabled by default. Therefore, database queries may be performed during view rendering. Explicitly configure spring.jpa.open-in-view to disable this warning
2024-04-08T16:40:52.742+03:00  INFO 16264 --- [socializingapp] [main] o.s.s.web.DefaultSecurityFilterChain     : Will secure any request with [org.springframework.security.web.session.DisableEncodeUrlFilter@68321229, org.springframework.security.web.context.request.async.WebAsyncManagerIntegrationFilter@53ce41e7, org.springframework.security.web.context.SecurityContextHolderFilter@54ebd3b4, org.springframework.security.web.header.HeaderWriterFilter@477b8d7d, org.springframework.web.filter.CorsFilter@5d9cd8b7, org.springframework.security.web.authentication.logout.LogoutFilter@5ec5a449, org.springframework.security.web.authentication.UsernamePasswordAuthenticationFilter@734901c1, org.springframework.security.web.savedrequest.RequestCacheAwareFilter@6b37cadf, org.springframework.security.web.servletapi.SecurityContextHolderAwareRequestFilter@2c018211, org.springframework.security.web.authentication.AnonymousAuthenticationFilter@55a869a9, org.springframework.security.web.access.ExceptionTranslationFilter@58ae3cb, org.springframework.security.web.access.intercept.AuthorizationFilter@597ae16a]
2024-04-08T16:40:52.980+03:00  INFO 16264 --- [socializingapp] [main] o.s.b.w.embedded.tomcat.TomcatWebServer  : Tomcat started on port 8080 (http) with context path ''
2024-04-08T16:40:52.987+03:00  INFO 16264 --- [socializingapp] [main] c.e.s.SocializingappApplication          : Started SocializingappApplication in 4.639 seconds (process running for 5.222)
2024-04-08T16:40:55.398+03:00  INFO 16264 --- [socializingapp] [http-nio-8080-exec-1] o.a.c.c.C.[Tomcat].[localhost].[/]       : Initializing Spring DispatcherServlet 'dispatcherServlet'
2024-04-08T16:40:55.399+03:00  INFO 16264 --- [socializingapp] [http-nio-8080-exec-1] o.s.web.servlet.DispatcherServlet        : Initializing Servlet 'dispatcherServlet'
2024-04-08T16:40:55.400+03:00  INFO 16264 --- [socializingapp] [http-nio-8080-exec-1] o.s.web.servlet.DispatcherServlet        : Completed initialization in 1 ms
2024-04-08T16:41:11.820+03:00  INFO 16264 --- [socializingapp] [http-nio-8080-exec-2] c.e.s.security.UserDetailsServiceImpl    : Attempted sign in operation for username: test
2024-04-08T16:41:25.272+03:00  INFO 16264 --- [socializingapp] [http-nio-8080-exec-5] c.e.s.security.UserDetailsServiceImpl    : Attempted sign in operation for username: test2
2024-04-08T16:55:51.881+03:00  INFO 16264 --- [socializingapp] [SpringApplicationShutdownHook] j.LocalContainerEntityManagerFactoryBean : Closing JPA EntityManagerFactory for persistence unit 'default'
2024-04-08T16:55:51.887+03:00  INFO 16264 --- [socializingapp] [SpringApplicationShutdownHook] com.zaxxer.hikari.HikariDataSource       : HikariPool-1 - Shutdown initiated...
2024-04-08T16:55:51.901+03:00  INFO 16264 --- [socializingapp] [SpringApplicationShutdownHook] com.zaxxer.hikari.HikariDataSource       : HikariPool-1 - Shutdown completed.
2024-04-08T17:38:15.515+03:00  INFO 1520 --- [socializingapp] [main] c.e.s.SocializingappApplication          : Starting SocializingappApplication using Java 22 with PID 1520 (D:\Facultate info\Master IS\An 1\sem 2\Aplicatii web pentru baze de date\socializingapp\target\classes started by mihai in D:\Facultate info\Master IS\An 1\sem 2\Aplicatii web pentru baze de date\socializingapp)
2024-04-08T17:38:15.517+03:00  INFO 1520 --- [socializingapp] [main] c.e.s.SocializingappApplication          : The following 1 profile is active: "mysql"
2024-04-08T17:38:16.690+03:00  INFO 1520 --- [socializingapp] [main] .s.d.r.c.RepositoryConfigurationDelegate : Bootstrapping Spring Data JPA repositories in DEFAULT mode.
2024-04-08T17:38:16.778+03:00  INFO 1520 --- [socializingapp] [main] .s.d.r.c.RepositoryConfigurationDelegate : Finished Spring Data repository scanning in 78 ms. Found 6 JPA repository interfaces.
2024-04-08T17:38:17.456+03:00  INFO 1520 --- [socializingapp] [main] o.s.b.w.embedded.tomcat.TomcatWebServer  : Tomcat initialized with port 8080 (http)
2024-04-08T17:38:17.474+03:00  INFO 1520 --- [socializingapp] [main] o.apache.catalina.core.StandardService   : Starting service [Tomcat]
2024-04-08T17:38:17.474+03:00  INFO 1520 --- [socializingapp] [main] o.apache.catalina.core.StandardEngine    : Starting Servlet engine: [Apache Tomcat/10.1.19]
2024-04-08T17:38:17.530+03:00  INFO 1520 --- [socializingapp] [main] o.a.c.c.C.[Tomcat].[localhost].[/]       : Initializing Spring embedded WebApplicationContext
2024-04-08T17:38:17.531+03:00  INFO 1520 --- [socializingapp] [main] w.s.c.ServletWebServerApplicationContext : Root WebApplicationContext: initialization completed in 1958 ms
2024-04-08T17:38:17.710+03:00  INFO 1520 --- [socializingapp] [main] o.hibernate.jpa.internal.util.LogHelper  : HHH000204: Processing PersistenceUnitInfo [name: default]
2024-04-08T17:38:17.786+03:00  INFO 1520 --- [socializingapp] [main] org.hibernate.Version                    : HHH000412: Hibernate ORM core version 6.4.4.Final
2024-04-08T17:38:17.825+03:00  INFO 1520 --- [socializingapp] [main] o.h.c.internal.RegionFactoryInitiator    : HHH000026: Second-level cache disabled
2024-04-08T17:38:18.092+03:00  INFO 1520 --- [socializingapp] [main] o.s.o.j.p.SpringPersistenceUnitInfo      : No LoadTimeWeaver setup: ignoring JPA class transformer
2024-04-08T17:38:18.125+03:00  INFO 1520 --- [socializingapp] [main] com.zaxxer.hikari.HikariDataSource       : HikariPool-1 - Starting...
2024-04-08T17:38:18.565+03:00  INFO 1520 --- [socializingapp] [main] com.zaxxer.hikari.pool.HikariPool        : HikariPool-1 - Added connection com.mysql.cj.jdbc.ConnectionImpl@51b51641
2024-04-08T17:38:18.567+03:00  INFO 1520 --- [socializingapp] [main] com.zaxxer.hikari.HikariDataSource       : HikariPool-1 - Start completed.
2024-04-08T17:38:19.797+03:00  INFO 1520 --- [socializingapp] [main] o.h.e.t.j.p.i.JtaPlatformInitiator       : HHH000489: No JTA platform available (set 'hibernate.transaction.jta.platform' to enable JTA platform integration)
2024-04-08T17:38:19.865+03:00  INFO 1520 --- [socializingapp] [main] j.LocalContainerEntityManagerFactoryBean : Initialized JPA EntityManagerFactory for persistence unit 'default'
2024-04-08T17:38:20.148+03:00  INFO 1520 --- [socializingapp] [main] o.s.d.j.r.query.QueryEnhancerFactory     : Hibernate is in classpath; If applicable, HQL parser will be used.
2024-04-08T17:38:20.953+03:00  WARN 1520 --- [socializingapp] [main] JpaBaseConfiguration$JpaWebConfiguration : spring.jpa.open-in-view is enabled by default. Therefore, database queries may be performed during view rendering. Explicitly configure spring.jpa.open-in-view to disable this warning
2024-04-08T17:38:21.272+03:00  INFO 1520 --- [socializingapp] [main] o.s.s.web.DefaultSecurityFilterChain     : Will secure any request with [org.springframework.security.web.session.DisableEncodeUrlFilter@597ae16a, org.springframework.security.web.context.request.async.WebAsyncManagerIntegrationFilter@734901c1, org.springframework.security.web.context.SecurityContextHolderFilter@42af751f, org.springframework.security.web.header.HeaderWriterFilter@695d8186, org.springframework.web.filter.CorsFilter@11a3ffe6, org.springframework.security.web.authentication.logout.LogoutFilter@290798cb, org.springframework.security.web.authentication.UsernamePasswordAuthenticationFilter@5c8ec2f6, org.springframework.security.web.savedrequest.RequestCacheAwareFilter@3f937c0e, org.springframework.security.web.servletapi.SecurityContextHolderAwareRequestFilter@6d55448c, org.springframework.security.web.authentication.AnonymousAuthenticationFilter@66cdde2b, org.springframework.security.web.access.ExceptionTranslationFilter@2c7178ed, org.springframework.security.web.access.intercept.AuthorizationFilter@6226a088]
2024-04-08T17:38:21.570+03:00  INFO 1520 --- [socializingapp] [main] o.s.b.w.embedded.tomcat.TomcatWebServer  : Tomcat started on port 8080 (http) with context path ''
2024-04-08T17:38:21.579+03:00  INFO 1520 --- [socializingapp] [main] c.e.s.SocializingappApplication          : Started SocializingappApplication in 6.609 seconds (process running for 7.556)
2024-04-08T17:38:21.654+03:00  INFO 1520 --- [socializingapp] [http-nio-8080-exec-1] o.a.c.c.C.[Tomcat].[localhost].[/]       : Initializing Spring DispatcherServlet 'dispatcherServlet'
2024-04-08T17:38:21.655+03:00  INFO 1520 --- [socializingapp] [http-nio-8080-exec-1] o.s.web.servlet.DispatcherServlet        : Initializing Servlet 'dispatcherServlet'
2024-04-08T17:38:21.656+03:00  INFO 1520 --- [socializingapp] [http-nio-8080-exec-1] o.s.web.servlet.DispatcherServlet        : Completed initialization in 1 ms
2024-04-08T17:38:47.321+03:00  INFO 1520 --- [socializingapp] [http-nio-8080-exec-10] c.e.s.security.UserDetailsServiceImpl    : Attempted sign in operation for username: test
2024-04-08T17:39:20.258+03:00  INFO 1520 --- [socializingapp] [http-nio-8080-exec-9] c.e.s.security.UserDetailsServiceImpl    : Attempted sign in operation for username: test2
2024-04-08T17:41:19.380+03:00  INFO 1520 --- [socializingapp] [http-nio-8080-exec-10] c.e.s.controllers.PostsController        : User [test2] accessed the friends posts page. Path: '/myposts'  Page: 1
2024-04-08T17:41:23.899+03:00  INFO 1520 --- [socializingapp] [http-nio-8080-exec-7] c.e.s.controllers.PostsController        : User [test2] accessed the friends posts page. Path: '/myposts'  Page: 1
2024-04-08T17:41:30.746+03:00  INFO 1520 --- [socializingapp] [http-nio-8080-exec-1] c.e.s.security.UserDetailsServiceImpl    : Attempted sign in operation for username: test
2024-04-08T17:41:33.443+03:00  INFO 1520 --- [socializingapp] [http-nio-8080-exec-8] c.e.s.controllers.PostsController        : User [test] accessed the friends posts page. Path: '/myposts'  Page: 1
2024-04-08T17:41:38.011+03:00  INFO 1520 --- [socializingapp] [http-nio-8080-exec-6] c.e.s.controllers.PostsController        : User [test] accessed the friends posts page. Path: '/myposts'  Page: 1
2024-04-08T17:41:43.967+03:00  INFO 1520 --- [socializingapp] [http-nio-8080-exec-5] c.e.s.controllers.PostsController        : User [test] accessed the friends posts page. Path: '/myposts'  Page: 1
2024-04-08T17:41:46.575+03:00  INFO 1520 --- [socializingapp] [http-nio-8080-exec-3] c.e.s.controllers.PostsController        : User [test] accessed the friends posts page. Path: '/myposts'  Page: 1
2024-04-08T17:41:49.013+03:00  INFO 1520 --- [socializingapp] [http-nio-8080-exec-10] c.e.s.controllers.PostsController        : User [test] accessed the personal posts page. Path: '/myposts'  Page: 1
2024-04-08T17:41:59.958+03:00  INFO 1520 --- [socializingapp] [http-nio-8080-exec-4] c.e.s.controllers.PostsRestController    : User [test] created a post. Data: CreatePostDto(content=gigi se simte bine azi)
2024-04-08T17:41:59.983+03:00  INFO 1520 --- [socializingapp] [http-nio-8080-exec-6] c.e.s.controllers.PostsController        : User [test] accessed the personal posts page. Path: '/myposts'  Page: 1
2024-04-08T17:42:01.923+03:00  INFO 1520 --- [socializingapp] [http-nio-8080-exec-10] c.e.s.controllers.PostsRestController    : User [test] performed Like toggle action. Data: LikeDto(postId=1, likeStatus=liked)
2024-04-08T17:42:10.458+03:00  INFO 1520 --- [socializingapp] [http-nio-8080-exec-1] c.e.s.controllers.PostsController        : User [test2] accessed the friends posts page. Path: '/myposts'  Page: 1
2024-04-08T17:42:17.236+03:00  INFO 1520 --- [socializingapp] [http-nio-8080-exec-6] c.e.s.controllers.PostsRestController    : User [test2] posted a comment. Data: CommentDto(postId=1, username=, content=sup nigga, creationDate=)
2024-04-08T17:42:18.918+03:00  INFO 1520 --- [socializingapp] [http-nio-8080-exec-8] c.e.s.controllers.PostsRestController    : User [test2] performed Like toggle action. Data: LikeDto(postId=1, likeStatus=liked)
2024-04-08T17:42:20.448+03:00  INFO 1520 --- [socializingapp] [http-nio-8080-exec-7] c.e.s.controllers.PostsController        : User [test] accessed the personal posts page. Path: '/myposts'  Page: 1
2024-04-08T17:48:46.776+03:00  INFO 1520 --- [socializingapp] [SpringApplicationShutdownHook] j.LocalContainerEntityManagerFactoryBean : Closing JPA EntityManagerFactory for persistence unit 'default'
2024-04-08T17:48:46.779+03:00  INFO 1520 --- [socializingapp] [SpringApplicationShutdownHook] com.zaxxer.hikari.HikariDataSource       : HikariPool-1 - Shutdown initiated...
2024-04-08T17:48:46.786+03:00  INFO 1520 --- [socializingapp] [SpringApplicationShutdownHook] com.zaxxer.hikari.HikariDataSource       : HikariPool-1 - Shutdown completed.
2024-04-08T22:44:20.527+03:00  INFO 11504 --- [socializingapp] [main] c.e.s.SocializingappApplication          : Starting SocializingappApplication using Java 22 with PID 11504 (D:\Facultate info\Master IS\An 1\sem 2\Aplicatii web pentru baze de date\socializingapp\target\classes started by mihai in D:\Facultate info\Master IS\An 1\sem 2\Aplicatii web pentru baze de date\socializingapp)
2024-04-08T22:44:20.530+03:00  INFO 11504 --- [socializingapp] [main] c.e.s.SocializingappApplication          : The following 1 profile is active: "mysql"
2024-04-08T22:44:21.403+03:00  INFO 11504 --- [socializingapp] [main] .s.d.r.c.RepositoryConfigurationDelegate : Bootstrapping Spring Data JPA repositories in DEFAULT mode.
2024-04-08T22:44:21.474+03:00  INFO 11504 --- [socializingapp] [main] .s.d.r.c.RepositoryConfigurationDelegate : Finished Spring Data repository scanning in 63 ms. Found 6 JPA repository interfaces.
2024-04-08T22:44:22.065+03:00  INFO 11504 --- [socializingapp] [main] o.s.b.w.embedded.tomcat.TomcatWebServer  : Tomcat initialized with port 8080 (http)
2024-04-08T22:44:22.078+03:00  INFO 11504 --- [socializingapp] [main] o.apache.catalina.core.StandardService   : Starting service [Tomcat]
2024-04-08T22:44:22.078+03:00  INFO 11504 --- [socializingapp] [main] o.apache.catalina.core.StandardEngine    : Starting Servlet engine: [Apache Tomcat/10.1.19]
2024-04-08T22:44:22.132+03:00  INFO 11504 --- [socializingapp] [main] o.a.c.c.C.[Tomcat].[localhost].[/]       : Initializing Spring embedded WebApplicationContext
2024-04-08T22:44:22.133+03:00  INFO 11504 --- [socializingapp] [main] w.s.c.ServletWebServerApplicationContext : Root WebApplicationContext: initialization completed in 1550 ms
2024-04-08T22:44:22.275+03:00  INFO 11504 --- [socializingapp] [main] o.hibernate.jpa.internal.util.LogHelper  : HHH000204: Processing PersistenceUnitInfo [name: default]
2024-04-08T22:44:22.349+03:00  INFO 11504 --- [socializingapp] [main] org.hibernate.Version                    : HHH000412: Hibernate ORM core version 6.4.4.Final
2024-04-08T22:44:22.387+03:00  INFO 11504 --- [socializingapp] [main] o.h.c.internal.RegionFactoryInitiator    : HHH000026: Second-level cache disabled
2024-04-08T22:44:22.608+03:00  INFO 11504 --- [socializingapp] [main] o.s.o.j.p.SpringPersistenceUnitInfo      : No LoadTimeWeaver setup: ignoring JPA class transformer
2024-04-08T22:44:22.635+03:00  INFO 11504 --- [socializingapp] [main] com.zaxxer.hikari.HikariDataSource       : HikariPool-1 - Starting...
2024-04-08T22:44:23.028+03:00  INFO 11504 --- [socializingapp] [main] com.zaxxer.hikari.pool.HikariPool        : HikariPool-1 - Added connection com.mysql.cj.jdbc.ConnectionImpl@70543cae
2024-04-08T22:44:23.031+03:00  INFO 11504 --- [socializingapp] [main] com.zaxxer.hikari.HikariDataSource       : HikariPool-1 - Start completed.
2024-04-08T22:44:24.077+03:00  INFO 11504 --- [socializingapp] [main] o.h.e.t.j.p.i.JtaPlatformInitiator       : HHH000489: No JTA platform available (set 'hibernate.transaction.jta.platform' to enable JTA platform integration)
2024-04-08T22:44:24.134+03:00  INFO 11504 --- [socializingapp] [main] j.LocalContainerEntityManagerFactoryBean : Initialized JPA EntityManagerFactory for persistence unit 'default'
2024-04-08T22:44:24.375+03:00  INFO 11504 --- [socializingapp] [main] o.s.d.j.r.query.QueryEnhancerFactory     : Hibernate is in classpath; If applicable, HQL parser will be used.
2024-04-08T22:44:25.086+03:00  WARN 11504 --- [socializingapp] [main] JpaBaseConfiguration$JpaWebConfiguration : spring.jpa.open-in-view is enabled by default. Therefore, database queries may be performed during view rendering. Explicitly configure spring.jpa.open-in-view to disable this warning
2024-04-08T22:44:25.340+03:00  INFO 11504 --- [socializingapp] [main] o.s.s.web.DefaultSecurityFilterChain     : Will secure any request with [org.springframework.security.web.session.DisableEncodeUrlFilter@4a8d8f50, org.springframework.security.web.context.request.async.WebAsyncManagerIntegrationFilter@5a30ab46, org.springframework.security.web.context.SecurityContextHolderFilter@3a5f0ed5, org.springframework.security.web.header.HeaderWriterFilter@4b91ac30, org.springframework.web.filter.CorsFilter@7772549d, org.springframework.security.web.authentication.logout.LogoutFilter@3a19b933, org.springframework.security.web.authentication.UsernamePasswordAuthenticationFilter@69ef3847, org.springframework.security.web.savedrequest.RequestCacheAwareFilter@f7dc1aa, org.springframework.security.web.servletapi.SecurityContextHolderAwareRequestFilter@6d487f2b, org.springframework.security.web.authentication.AnonymousAuthenticationFilter@3094b465, org.springframework.security.web.access.ExceptionTranslationFilter@4fe9a720, org.springframework.security.web.access.intercept.AuthorizationFilter@46a2eca6]
2024-04-08T22:44:25.603+03:00  INFO 11504 --- [socializingapp] [main] o.s.b.w.embedded.tomcat.TomcatWebServer  : Tomcat started on port 8080 (http) with context path ''
2024-04-08T22:44:25.610+03:00  INFO 11504 --- [socializingapp] [main] c.e.s.SocializingappApplication          : Started SocializingappApplication in 5.49 seconds (process running for 6.388)
2024-04-08T22:44:41.276+03:00  INFO 11504 --- [socializingapp] [http-nio-8080-exec-1] o.a.c.c.C.[Tomcat].[localhost].[/]       : Initializing Spring DispatcherServlet 'dispatcherServlet'
2024-04-08T22:44:41.276+03:00  INFO 11504 --- [socializingapp] [http-nio-8080-exec-1] o.s.web.servlet.DispatcherServlet        : Initializing Servlet 'dispatcherServlet'
2024-04-08T22:44:41.277+03:00  INFO 11504 --- [socializingapp] [http-nio-8080-exec-1] o.s.web.servlet.DispatcherServlet        : Completed initialization in 1 ms
2024-04-08T22:44:54.335+03:00  INFO 11504 --- [socializingapp] [http-nio-8080-exec-3] c.e.s.security.UserDetailsServiceImpl    : Attempted sign in operation for username: test
2024-04-08T22:45:13.547+03:00  INFO 11504 --- [socializingapp] [http-nio-8080-exec-1] c.e.s.security.UserDetailsServiceImpl    : Attempted sign in operation for username: test2
2024-04-08T22:48:28.918+03:00  INFO 11504 --- [socializingapp] [http-nio-8080-exec-8] c.e.s.controllers.PostsController        : User [test2] accessed the personal posts page. Path: '/myposts'  Page: 1
2024-04-08T22:48:33.473+03:00  INFO 11504 --- [socializingapp] [http-nio-8080-exec-6] c.e.s.controllers.PostsController        : User [test2] accessed the friends posts page. Path: '/myposts'  Page: 1
2024-04-08T22:49:55.962+03:00  INFO 11504 --- [socializingapp] [SpringApplicationShutdownHook] j.LocalContainerEntityManagerFactoryBean : Closing JPA EntityManagerFactory for persistence unit 'default'
2024-04-08T22:49:55.966+03:00  INFO 11504 --- [socializingapp] [SpringApplicationShutdownHook] com.zaxxer.hikari.HikariDataSource       : HikariPool-1 - Shutdown initiated...
2024-04-08T22:49:55.972+03:00  INFO 11504 --- [socializingapp] [SpringApplicationShutdownHook] com.zaxxer.hikari.HikariDataSource       : HikariPool-1 - Shutdown completed.
